2009-12-18 15:36:57	系统启动：当前可用JRE版本 － 1.6.0_10-rc-b28
2009-12-18 15:36:57	系统启动：用户配置数据信息加载！
2009-12-18 15:36:57	系统启动：当前使用界面风格信息 (system, com.sun.java.swing.plaf.windows.WindowsLookAndFeel)
2009-12-18 15:36:57	系统启动：应用程序启动！
2009-12-18 15:36:58	系统初始化：LOGO图标读取..
2009-12-18 15:36:58	插件加载：开始...
2009-12-18 15:36:58	插件加载：可用插件个数 － 2
2009-12-18 15:36:58	//////////////////////////////////////////////////////////////////////////////////////
2009-12-18 15:36:58	插件加载：文件路径 － plug-ins\.svn
2009-12-18 15:36:58	插件加载：配置文件不可访问！
2009-12-18 15:36:58	插件加载：文件路径 － plug-ins\examples
2009-12-18 15:36:58	插件加载：配置文件读取 － plug-ins\examples\plugin.xml
2009-12-18 15:36:58	插件加载：标准插件加载出错 － 没有合适的.jar文档存在！
2009-12-18 15:55:33	系统启动：当前可用JRE版本 － 1.6.0_10-rc-b28
2009-12-18 15:55:33	系统启动：用户配置数据信息加载！
2009-12-18 15:55:33	系统启动：当前使用界面风格信息 (system, com.sun.java.swing.plaf.windows.WindowsLookAndFeel)
2009-12-18 15:55:33	系统启动：应用程序启动！
2009-12-18 15:55:33	系统初始化：LOGO图标读取..
2009-12-18 15:55:34	插件加载：开始...
2009-12-18 15:55:34	插件加载：可用插件个数 － 2
2009-12-18 15:55:34	//////////////////////////////////////////////////////////////////////////////////////
2009-12-18 15:55:34	插件加载：文件路径 － plug-ins\.svn
2009-12-18 15:55:34	插件加载：配置文件不可访问！
2009-12-18 15:55:34	插件加载：文件路径 － plug-ins\examples
2009-12-18 15:55:34	插件加载：配置文件读取 － plug-ins\examples\plugin.xml
2009-12-18 15:55:34	插件加载：标准插件加载出错 － 没有合适的.jar文档存在！
2009-12-18 15:55:35	系统退出：开始..
2009-12-18 15:55:35	系统退出：保存用户配置
2009-12-18 15:55:35	用户配置数据保存！
2009-12-18 15:55:35	java.io.FileNotFoundException: 60000000\rmp.wsc (系统找不到指定的路径。)
2009-12-18 15:55:36	系统退出：关闭数据连接
2009-12-18 15:55:36	数据压缩：生成目录文档 － 60000000/bak/amon.backup
2009-12-18 15:55:36	用户指定数据文件：
2009-12-18 15:55:36	60000000/rmp.wsc
2009-12-18 15:55:36	压缩处理中：正在压缩... rmp.wsc
2009-12-18 15:55:36	java.io.FileNotFoundException: 60000000\rmp.wsc (系统找不到指定的文件。)
2009-12-18 15:55:36	系统退出：完毕！
--------------------------------------------------


2009-12-18 15:56:05	chatCreated
2009-12-18 15:56:07	processPacket
2009-12-18 15:56:09	processPacket
2009-12-18 15:56:09	processMessage
2009-12-18 16:09:41	SASL authentication failed using mechanism DIGEST-MD5: 
2009-12-18 16:17:16	系统启动：当前可用JRE版本 － 1.6.0_10-rc-b28
2009-12-18 16:17:16	系统启动：用户配置数据信息加载！
2009-12-18 16:17:16	系统启动：当前使用界面风格信息 (system, com.sun.java.swing.plaf.windows.WindowsLookAndFeel)
2009-12-18 16:17:16	系统启动：应用程序启动！
2009-12-18 16:18:20	SASL authentication failed using mechanism DIGEST-MD5: 
2009-12-18 16:18:56	系统启动：当前可用JRE版本 － 1.6.0_10-rc-b28
2009-12-18 16:18:56	系统启动：用户配置数据信息加载！
2009-12-18 16:18:56	系统启动：当前使用界面风格信息 (system, com.sun.java.swing.plaf.windows.WindowsLookAndFeel)
2009-12-18 16:18:56	系统启动：应用程序启动！
2009-12-18 16:19:16	SASL authentication failed using mechanism DIGEST-MD5: 
