2009-12-3 10:10:21	loginCompleted.
2009-12-3 10:10:22	IP 初始化成功！
2009-12-3 10:10:22	Phone 初始化成功！
2009-12-3 10:10:22	IM支持服务加载成功！
2009-12-3 10:10:22	IM服务初始化成功！
2009-12-3 10:10:22	systemMessageReceived:null
2009-12-3 10:10:22	exceptionCaught:java.lang.NullPointerException
2009-12-3 10:10:23	contactListSyncCompleted.
2009-12-3 10:10:23	ownerStatusChanged.
2009-12-3 10:10:24	contactListInitCompleted.
2009-12-3 10:10:25	contactStatusChanged from amon.wk@live.com
2009-12-3 10:10:25	contactStatusChanged from amon.wk@live.com
2009-12-3 10:10:38	switchboardStarted.
2009-12-3 10:10:38	instantMessageReceived from amon.wk@live.com:hi
2009-12-3 10:10:41	controlMessageReceived:text/x-msmsgscontrol
2009-12-3 10:10:41	exceptionCaught:java.lang.NullPointerException
2009-12-3 10:10:42	instantMessageReceived from amon.wk@live.com:8
2009-12-3 10:10:50	controlMessageReceived:text/x-msmsgscontrol
2009-12-3 10:10:50	exceptionCaught:java.lang.NullPointerException
2009-12-3 10:10:55	controlMessageReceived:text/x-msmsgscontrol
2009-12-3 10:10:55	exceptionCaught:java.lang.NullPointerException
2009-12-3 10:10:56	instantMessageReceived from amon.wk@live.com:1358570
2009-12-3 10:11:00	controlMessageReceived:text/x-msmsgscontrol
2009-12-3 10:11:00	exceptionCaught:java.lang.NullPointerException
2009-12-3 10:11:01	instantMessageReceived from amon.wk@live.com:8
2009-12-3 10:11:03	controlMessageReceived:text/x-msmsgscontrol
2009-12-3 10:11:03	exceptionCaught:java.lang.NullPointerException
2009-12-3 10:11:05	instantMessageReceived from amon.wk@live.com:1358570
2009-12-3 10:11:17	controlMessageReceived:text/x-msmsgscontrol
2009-12-3 10:11:17	exceptionCaught:java.lang.NullPointerException
2009-12-3 10:11:17	instantMessageReceived from amon.wk@live.com:exit
2009-12-3 10:11:17	switchboardClosed.
2009-12-3 10:11:17	logout.
2009-12-3 10:12:05	loginCompleted.
2009-12-3 10:12:06	IP 初始化成功！
2009-12-3 10:12:06	Phone 初始化成功！
2009-12-3 10:12:06	IM支持服务加载成功！
2009-12-3 10:12:06	IM服务初始化成功！
2009-12-3 10:12:06	systemMessageReceived:null
2009-12-3 10:12:06	exceptionCaught:java.lang.NullPointerException
2009-12-3 10:12:07	contactListSyncCompleted.
2009-12-3 10:12:07	ownerStatusChanged.
2009-12-3 10:12:07	contactListInitCompleted.
2009-12-3 10:12:07	contactStatusChanged from amon.wk@live.com
2009-12-3 10:12:07	contactStatusChanged from amon.wk@live.com
2009-12-3 10:12:26	switchboardStarted.
2009-12-3 10:12:27	instantMessageReceived from amon.wk@live.com:hi
2009-12-3 10:12:29	controlMessageReceived:text/x-msmsgscontrol
2009-12-3 10:12:29	exceptionCaught:java.lang.NullPointerException
2009-12-3 10:12:30	instantMessageReceived from amon.wk@live.com:7
2009-12-3 10:12:30	exceptionCaught:java.lang.NullPointerException
2009-12-3 10:12:41	controlMessageReceived:text/x-msmsgscontrol
2009-12-3 10:12:41	exceptionCaught:java.lang.NullPointerException
2009-12-3 10:12:42	instantMessageReceived from amon.wk@live.com:7
2009-12-3 10:12:42	exceptionCaught:java.lang.NullPointerException
2009-12-3 10:12:50	controlMessageReceived:text/x-msmsgscontrol
2009-12-3 10:12:50	exceptionCaught:java.lang.NullPointerException
2009-12-3 10:12:51	instantMessageReceived from amon.wk@live.com:exit
2009-12-3 10:12:51	switchboardClosed.
2009-12-3 10:12:51	logout.
2009-12-3 10:13:07	loginCompleted.
2009-12-3 10:13:07	IP 初始化成功！
2009-12-3 10:13:07	Phone 初始化成功！
2009-12-3 10:13:07	postcode 初始化成功！
2009-12-3 10:13:07	IM支持服务加载成功！
2009-12-3 10:13:07	IM服务初始化成功！
2009-12-3 10:13:07	systemMessageReceived:null
2009-12-3 10:13:07	exceptionCaught:java.lang.NullPointerException
2009-12-3 10:13:08	contactListSyncCompleted.
2009-12-3 10:13:09	ownerStatusChanged.
2009-12-3 10:13:09	contactStatusChanged from amon.wk@live.com
2009-12-3 10:13:09	contactStatusChanged from amon.wk@live.com
2009-12-3 10:13:09	contactListInitCompleted.
2009-12-3 10:13:17	switchboardStarted.
2009-12-3 10:13:23	instantMessageReceived from amon.wk@live.com:hi
2009-12-3 10:13:32	controlMessageReceived:text/x-msmsgscontrol
2009-12-3 10:13:32	exceptionCaught:java.lang.NullPointerException
2009-12-3 10:13:32	instantMessageReceived from amon.wk@live.com:7
2009-12-3 10:13:36	controlMessageReceived:text/x-msmsgscontrol
2009-12-3 10:13:36	exceptionCaught:java.lang.NullPointerException
2009-12-3 10:13:36	instantMessageReceived from amon.wk@live.com:sh
2009-12-3 10:13:53	controlMessageReceived:text/x-msmsgscontrol
2009-12-3 10:13:53	exceptionCaught:java.lang.NullPointerException
2009-12-3 10:13:53	instantMessageReceived from amon.wk@live.com:sh
2009-12-3 10:15:03	controlMessageReceived:text/x-msmsgscontrol
2009-12-3 10:15:03	exceptionCaught:java.lang.NullPointerException
2009-12-3 10:15:04	instantMessageReceived from amon.wk@live.com:exit
2009-12-3 10:15:07	系统启动：当前可用JRE版本 － 1.6.0_17-b04
2009-12-3 10:15:07	系统启动：用户配置数据信息加载！
2009-12-3 10:15:08	系统启动：当前使用界面风格信息 (system, com.sun.java.swing.plaf.windows.WindowsLookAndFeel)
2009-12-3 10:15:08	系统启动：应用程序启动！
2009-12-3 10:15:08	switchboardClosed.
2009-12-3 10:15:08	logout.
2009-12-3 10:15:09	系统初始化：LOGO图标读取..
2009-12-3 10:15:09	插件加载：开始...
2009-12-3 10:15:09	插件加载：可用插件个数 － 2
2009-12-3 10:15:09	//////////////////////////////////////////////////////////////////////////////////////
2009-12-3 10:15:09	插件加载：文件路径 － plug-ins\.svn
2009-12-3 10:15:09	插件加载：配置文件不可访问！
2009-12-3 10:15:09	插件加载：文件路径 － plug-ins\examples
2009-12-3 10:15:09	插件加载：配置文件读取 － plug-ins\examples\plugin.xml
2009-12-3 10:15:09	插件加载：标准插件加载出错 － 没有合适的.jar文档存在！
2009-12-3 10:17:27	loginCompleted.
2009-12-3 10:17:27	IP 初始化成功！
2009-12-3 10:17:27	Phone 初始化成功！
2009-12-3 10:17:27	postcode 初始化成功！
2009-12-3 10:17:27	IM支持服务加载成功！
2009-12-3 10:17:28	IM服务初始化成功！
2009-12-3 10:17:28	systemMessageReceived:null
2009-12-3 10:17:28	exceptionCaught:java.lang.NullPointerException
2009-12-3 10:17:28	contactListSyncCompleted.
2009-12-3 10:17:28	ownerStatusChanged.
2009-12-3 10:17:28	contactStatusChanged from amon.wk@live.com
2009-12-3 10:17:28	contactStatusChanged from amon.wk@live.com
2009-12-3 10:17:31	contactListInitCompleted.
2009-12-3 10:17:41	switchboardStarted.
2009-12-3 10:17:41	controlMessageReceived:text/x-msmsgscontrol
2009-12-3 10:17:41	exceptionCaught:java.lang.NullPointerException
2009-12-3 10:17:41	instantMessageReceived from amon.wk@live.com:hi
2009-12-3 10:17:59	exceptionCaught:java.lang.NullPointerException
2009-12-3 10:18:10	controlMessageReceived:text/x-msmsgscontrol
2009-12-3 10:18:10	exceptionCaught:java.lang.NullPointerException
2009-12-3 10:18:11	instantMessageReceived from amon.wk@live.com:7
2009-12-3 10:18:37	controlMessageReceived:text/x-msmsgscontrol
2009-12-3 10:18:37	exceptionCaught:java.lang.NullPointerException
2009-12-3 10:18:38	instantMessageReceived from amon.wk@live.com:sh
2009-12-3 10:19:10	controlMessageReceived:text/x-msmsgscontrol
2009-12-3 10:19:10	exceptionCaught:java.lang.NullPointerException
2009-12-3 10:19:11	instantMessageReceived from amon.wk@live.com:exit
2009-12-3 10:19:12	switchboardClosed.
2009-12-3 10:19:12	logout.
2009-12-3 10:20:59	loginCompleted.
2009-12-3 10:20:59	IP 初始化成功！
2009-12-3 10:20:59	Phone 初始化成功！
2009-12-3 10:20:59	postcode 初始化成功！
2009-12-3 10:20:59	IM支持服务加载成功！
2009-12-3 10:20:59	IM服务初始化成功！
2009-12-3 10:20:59	systemMessageReceived:null
2009-12-3 10:20:59	exceptionCaught:java.lang.NullPointerException
2009-12-3 10:21:00	contactListSyncCompleted.
2009-12-3 10:21:00	ownerStatusChanged.
2009-12-3 10:21:00	contactStatusChanged from amon.wk@live.com
2009-12-3 10:21:00	contactStatusChanged from amon.wk@live.com
2009-12-3 10:21:00	contactListInitCompleted.
2009-12-3 10:21:27	switchboardStarted.
2009-12-3 10:21:27	instantMessageReceived from amon.wk@live.com:hi
2009-12-3 10:21:29	exceptionCaught:java.lang.NullPointerException
2009-12-3 10:21:39	controlMessageReceived:text/x-msmsgscontrol
2009-12-3 10:21:39	exceptionCaught:java.lang.NullPointerException
2009-12-3 10:21:39	instantMessageReceived from amon.wk@live.com:hi
2009-12-3 10:21:45	exceptionCaught:java.lang.NullPointerException
2009-12-3 10:22:01	controlMessageReceived:text/x-msmsgscontrol
2009-12-3 10:22:01	exceptionCaught:java.lang.NullPointerException
2009-12-3 10:22:01	instantMessageReceived from amon.wk@live.com:hi
2009-12-3 10:22:05	exceptionCaught:java.lang.NullPointerException
2009-12-3 10:22:09	controlMessageReceived:text/x-msmsgscontrol
2009-12-3 10:22:09	exceptionCaught:java.lang.NullPointerException
2009-12-3 10:22:13	instantMessageReceived from amon.wk@live.com:exit
2009-12-3 10:22:20	switchboardClosed.
2009-12-3 10:22:20	logout.
2009-12-3 10:22:41	loginCompleted.
2009-12-3 10:22:41	IP 初始化成功！
2009-12-3 10:22:41	Phone 初始化成功！
2009-12-3 10:22:41	postcode 初始化成功！
2009-12-3 10:22:41	IM支持服务加载成功！
2009-12-3 10:22:41	IM服务初始化成功！
2009-12-3 10:22:41	systemMessageReceived:null
2009-12-3 10:22:41	exceptionCaught:java.lang.NullPointerException
2009-12-3 10:22:42	contactListSyncCompleted.
2009-12-3 10:22:42	ownerStatusChanged.
2009-12-3 10:22:42	contactStatusChanged from amon.wk@live.com
2009-12-3 10:22:42	contactStatusChanged from amon.wk@live.com
2009-12-3 10:22:43	contactListInitCompleted.
2009-12-3 10:22:58	switchboardStarted.
2009-12-3 10:22:58	instantMessageReceived from amon.wk@live.com:hi
2009-12-3 10:23:00	exceptionCaught:java.lang.NullPointerException
2009-12-3 10:23:10	controlMessageReceived:text/x-msmsgscontrol
2009-12-3 10:23:10	exceptionCaught:java.lang.NullPointerException
2009-12-3 10:23:11	instantMessageReceived from amon.wk@live.com:7
2009-12-3 10:23:17	controlMessageReceived:text/x-msmsgscontrol
2009-12-3 10:23:17	exceptionCaught:java.lang.NullPointerException
2009-12-3 10:23:18	instantMessageReceived from amon.wk@live.com:sh
2009-12-3 10:23:29	java.lang.IllegalStateException: No match found
2009-12-3 10:23:55	controlMessageReceived:text/x-msmsgscontrol
2009-12-3 10:23:55	exceptionCaught:java.lang.NullPointerException
2009-12-3 10:23:56	instantMessageReceived from amon.wk@live.com:sh
2009-12-3 10:27:00	java.lang.IllegalStateException: No match found
2009-12-3 10:27:14	controlMessageReceived:text/x-msmsgscontrol
2009-12-3 10:27:14	exceptionCaught:java.lang.NullPointerException
2009-12-3 10:27:14	instantMessageReceived from amon.wk@live.com:sh
2009-12-3 10:27:19	java.lang.IllegalStateException: No match found
2009-12-3 10:27:40	controlMessageReceived:text/x-msmsgscontrol
2009-12-3 10:27:40	exceptionCaught:java.lang.NullPointerException
2009-12-3 10:27:41	instantMessageReceived from amon.wk@live.com:exit
2009-12-3 10:27:44	switchboardClosed.
2009-12-3 10:27:44	logout.
2009-12-3 10:51:20	loginCompleted.
2009-12-3 10:51:20	IP 初始化成功！
2009-12-3 10:51:20	Phone 初始化成功！
2009-12-3 10:51:20	postcode 初始化成功！
2009-12-3 10:51:20	IM支持服务加载成功！
2009-12-3 10:51:20	IM服务初始化成功！
2009-12-3 10:51:20	systemMessageReceived:null
2009-12-3 10:51:20	exceptionCaught:java.lang.NullPointerException
2009-12-3 10:51:21	contactListSyncCompleted.
2009-12-3 10:51:21	ownerStatusChanged.
2009-12-3 10:51:21	contactStatusChanged from amon.wk@live.com
2009-12-3 10:51:22	contactStatusChanged from amon.wk@live.com
2009-12-3 10:51:22	contactListInitCompleted.
2009-12-3 10:51:51	switchboardStarted.
2009-12-3 10:51:52	instantMessageReceived from amon.wk@live.com:hi
2009-12-3 10:51:52	exceptionCaught:java.lang.NullPointerException
2009-12-3 10:52:00	controlMessageReceived:text/x-msmsgscontrol
2009-12-3 10:52:00	exceptionCaught:java.lang.NullPointerException
2009-12-3 10:52:00	instantMessageReceived from amon.wk@live.com:7
2009-12-3 10:52:03	controlMessageReceived:text/x-msmsgscontrol
2009-12-3 10:52:03	exceptionCaught:java.lang.NullPointerException
2009-12-3 10:52:04	instantMessageReceived from amon.wk@live.com:sh
2009-12-3 10:56:25	controlMessageReceived:text/x-msmsgscontrol
2009-12-3 10:56:25	exceptionCaught:java.lang.NullPointerException
2009-12-3 10:56:26	instantMessageReceived from amon.wk@live.com:exit
2009-12-3 10:56:26	switchboardClosed.
2009-12-3 10:56:26	logout.
2009-12-3 10:56:59	loginCompleted.
2009-12-3 10:56:59	IP 初始化成功！
2009-12-3 10:56:59	Phone 初始化成功！
2009-12-3 10:56:59	postcode 初始化成功！
2009-12-3 10:56:59	IM支持服务加载成功！
2009-12-3 10:56:59	IM服务初始化成功！
2009-12-3 10:56:59	systemMessageReceived:null
2009-12-3 10:56:59	exceptionCaught:java.lang.NullPointerException
2009-12-3 10:57:00	contactListSyncCompleted.
2009-12-3 10:57:00	ownerStatusChanged.
2009-12-3 10:57:02	contactStatusChanged from amon.wk@live.com
2009-12-3 10:57:02	contactStatusChanged from amon.wk@live.com
2009-12-3 10:57:02	contactListInitCompleted.
2009-12-3 10:57:15	switchboardStarted.
2009-12-3 10:57:18	controlMessageReceived:text/x-msmsgscontrol
2009-12-3 10:57:18	exceptionCaught:java.lang.NullPointerException
2009-12-3 10:57:18	instantMessageReceived from amon.wk@live.com:hi
2009-12-3 10:57:18	exceptionCaught:java.lang.NullPointerException
2009-12-3 10:57:18	instantMessageReceived from amon.wk@live.com:hi
2009-12-3 10:57:18	exceptionCaught:java.lang.NullPointerException
2009-12-3 10:57:19	controlMessageReceived:text/x-msmsgscontrol
2009-12-3 10:57:19	exceptionCaught:java.lang.NullPointerException
2009-12-3 10:57:20	instantMessageReceived from amon.wk@live.com:hi
2009-12-3 10:57:20	exceptionCaught:java.lang.NullPointerException
2009-12-3 10:57:23	controlMessageReceived:text/x-msmsgscontrol
2009-12-3 10:57:23	exceptionCaught:java.lang.NullPointerException
2009-12-3 10:57:24	instantMessageReceived from amon.wk@live.com:7
2009-12-3 10:57:26	controlMessageReceived:text/x-msmsgscontrol
2009-12-3 10:57:26	exceptionCaught:java.lang.NullPointerException
2009-12-3 10:57:27	instantMessageReceived from amon.wk@live.com:sh
2009-12-3 10:57:43	instantMessageReceived from amon.wk@live.com:exit
2009-12-3 10:57:43	switchboardClosed.
2009-12-3 10:57:43	logout.
2009-12-3 11:09:13	loginCompleted.
2009-12-3 11:09:13	IP 初始化成功！
2009-12-3 11:09:13	Phone 初始化成功！
2009-12-3 11:09:13	postcode 初始化成功！
2009-12-3 11:09:13	IM支持服务加载成功！
2009-12-3 11:09:13	IM服务初始化成功！
2009-12-3 11:09:13	systemMessageReceived:null
2009-12-3 11:09:13	exceptionCaught:java.lang.NullPointerException
2009-12-3 11:09:13	contactListSyncCompleted.
2009-12-3 11:09:13	ownerStatusChanged.
2009-12-3 11:09:13	contactStatusChanged from amon.wk@live.com
2009-12-3 11:09:14	contactStatusChanged from amon.wk@live.com
2009-12-3 11:09:14	contactListInitCompleted.
2009-12-3 11:09:30	switchboardStarted.
2009-12-3 11:09:30	controlMessageReceived:text/x-msmsgscontrol
2009-12-3 11:09:30	exceptionCaught:java.lang.NullPointerException
2009-12-3 11:09:30	instantMessageReceived from amon.wk@live.com:hi
2009-12-3 11:09:30	exceptionCaught:java.lang.NullPointerException
2009-12-3 11:09:30	controlMessageReceived:text/x-msmsgscontrol
2009-12-3 11:09:30	exceptionCaught:java.lang.NullPointerException
2009-12-3 11:09:30	instantMessageReceived from amon.wk@live.com:hi
2009-12-3 11:09:30	exceptionCaught:java.lang.NullPointerException
2009-12-3 11:09:38	controlMessageReceived:text/x-msmsgscontrol
2009-12-3 11:09:38	exceptionCaught:java.lang.NullPointerException
2009-12-3 11:09:38	instantMessageReceived from amon.wk@live.com:7
2009-12-3 11:09:40	controlMessageReceived:text/x-msmsgscontrol
2009-12-3 11:09:40	exceptionCaught:java.lang.NullPointerException
2009-12-3 11:09:41	instantMessageReceived from amon.wk@live.com:sh
2009-12-3 11:09:46	controlMessageReceived:text/x-msmsgscontrol
2009-12-3 11:09:46	exceptionCaught:java.lang.NullPointerException
2009-12-3 11:09:47	instantMessageReceived from amon.wk@live.com:>
2009-12-3 11:09:51	controlMessageReceived:text/x-msmsgscontrol
2009-12-3 11:09:51	exceptionCaught:java.lang.NullPointerException
2009-12-3 11:09:51	instantMessageReceived from amon.wk@live.com:>
2009-12-3 11:09:54	controlMessageReceived:text/x-msmsgscontrol
2009-12-3 11:09:54	exceptionCaught:java.lang.NullPointerException
2009-12-3 11:09:54	instantMessageReceived from amon.wk@live.com:>
2009-12-3 11:09:56	controlMessageReceived:text/x-msmsgscontrol
2009-12-3 11:09:56	exceptionCaught:java.lang.NullPointerException
2009-12-3 11:09:57	instantMessageReceived from amon.wk@live.com:>
2009-12-3 11:10:01	controlMessageReceived:text/x-msmsgscontrol
2009-12-3 11:10:01	exceptionCaught:java.lang.NullPointerException
2009-12-3 11:10:03	instantMessageReceived from amon.wk@live.com:》》
2009-12-3 11:10:41	controlMessageReceived:text/x-msmsgscontrol
2009-12-3 11:10:41	exceptionCaught:java.lang.NullPointerException
2009-12-3 11:10:41	instantMessageReceived from amon.wk@live.com:《
2009-12-3 11:12:13	controlMessageReceived:text/x-msmsgscontrol
2009-12-3 11:12:13	exceptionCaught:java.lang.NullPointerException
2009-12-3 11:12:15	instantMessageReceived from amon.wk@live.com:exit
2009-12-3 11:12:15	switchboardClosed.
2009-12-3 11:12:15	logout.
2009-12-3 11:13:15	loginCompleted.
2009-12-3 11:13:15	IP 初始化成功！
2009-12-3 11:13:15	Phone 初始化成功！
2009-12-3 11:13:15	postcode 初始化成功！
2009-12-3 11:13:15	IM支持服务加载成功！
2009-12-3 11:13:15	IM服务初始化成功！
2009-12-3 11:13:15	systemMessageReceived:null
2009-12-3 11:13:15	exceptionCaught:java.lang.NullPointerException
2009-12-3 11:13:16	contactListSyncCompleted.
2009-12-3 11:13:16	ownerStatusChanged.
2009-12-3 11:13:16	contactStatusChanged from amon.wk@live.com
2009-12-3 11:13:16	contactStatusChanged from amon.wk@live.com
2009-12-3 11:13:16	contactListInitCompleted.
2009-12-3 11:13:46	switchboardStarted.
2009-12-3 11:13:56	instantMessageReceived from amon.wk@live.com:hi
2009-12-3 11:13:56	exceptionCaught:java.lang.NullPointerException
2009-12-3 11:13:56	controlMessageReceived:text/x-msmsgscontrol
2009-12-3 11:13:56	exceptionCaught:java.lang.NullPointerException
2009-12-3 11:13:56	instantMessageReceived from amon.wk@live.com:hi
2009-12-3 11:13:56	exceptionCaught:java.lang.NullPointerException
2009-12-3 11:13:56	controlMessageReceived:text/x-msmsgscontrol
2009-12-3 11:13:56	exceptionCaught:java.lang.NullPointerException
2009-12-3 11:13:56	instantMessageReceived from amon.wk@live.com:hi
2009-12-3 11:13:56	exceptionCaught:java.lang.NullPointerException
2009-12-3 11:13:56	controlMessageReceived:text/x-msmsgscontrol
2009-12-3 11:13:56	exceptionCaught:java.lang.NullPointerException
2009-12-3 11:13:56	instantMessageReceived from amon.wk@live.com:7
2009-12-3 11:13:56	controlMessageReceived:text/x-msmsgscontrol
2009-12-3 11:13:56	exceptionCaught:java.lang.NullPointerException
2009-12-3 11:13:56	instantMessageReceived from amon.wk@live.com:hi
2009-12-3 11:13:56	java.lang.IndexOutOfBoundsException: Index: 0, Size: 0
2009-12-3 11:13:56	controlMessageReceived:text/x-msmsgscontrol
2009-12-3 11:13:56	exceptionCaught:java.lang.NullPointerException
2009-12-3 11:13:56	instantMessageReceived from amon.wk@live.com:jk
2009-12-3 11:13:56	controlMessageReceived:text/x-msmsgscontrol
2009-12-3 11:13:56	exceptionCaught:java.lang.NullPointerException
2009-12-3 11:13:56	instantMessageReceived from amon.wk@live.com:ii
2009-12-3 11:13:56	java.lang.IndexOutOfBoundsException: Index: 0, Size: 0
2009-12-3 11:13:56	controlMessageReceived:text/x-msmsgscontrol
2009-12-3 11:13:56	exceptionCaught:java.lang.NullPointerException
2009-12-3 11:13:56	instantMessageReceived from amon.wk@live.com:llkj
2009-12-3 11:13:56	java.lang.IndexOutOfBoundsException: Index: 0, Size: 0
2009-12-3 11:13:56	controlMessageReceived:text/x-msmsgscontrol
2009-12-3 11:13:56	exceptionCaught:java.lang.NullPointerException
2009-12-3 11:13:56	instantMessageReceived from amon.wk@live.com:hi
2009-12-3 11:13:56	java.lang.IndexOutOfBoundsException: Index: 0, Size: 0
2009-12-3 11:13:56	controlMessageReceived:text/x-msmsgscontrol
2009-12-3 11:13:56	exceptionCaught:java.lang.NullPointerException
2009-12-3 11:13:56	instantMessageReceived from amon.wk@live.com:hi
2009-12-3 11:13:56	java.lang.IndexOutOfBoundsException: Index: 0, Size: 0
2009-12-3 11:14:05	instantMessageReceived from amon.wk@live.com:hi
2009-12-3 11:14:05	java.lang.IndexOutOfBoundsException: Index: 0, Size: 0
2009-12-3 11:14:17	controlMessageReceived:text/x-msmsgscontrol
2009-12-3 11:14:17	exceptionCaught:java.lang.NullPointerException
2009-12-3 11:14:18	instantMessageReceived from amon.wk@live.com:sh
2009-12-3 11:15:17	instantMessageReceived from amon.wk@live.com:exit
2009-12-3 11:15:17	switchboardClosed.
2009-12-3 11:15:17	logout.
2009-12-3 11:24:56	loginCompleted.
2009-12-3 11:24:56	IP 初始化成功！
2009-12-3 11:24:56	Phone 初始化成功！
2009-12-3 11:24:56	postcode 初始化成功！
2009-12-3 11:24:56	IM支持服务加载成功！
2009-12-3 11:24:56	IM服务初始化成功！
2009-12-3 11:24:56	systemMessageReceived:null
2009-12-3 11:24:56	exceptionCaught:java.lang.NullPointerException
2009-12-3 11:24:56	contactListSyncCompleted.
2009-12-3 11:24:56	ownerStatusChanged.
2009-12-3 11:24:56	contactStatusChanged from amon.wk@live.com
2009-12-3 11:24:57	contactStatusChanged from amon.wk@live.com
2009-12-3 11:24:57	contactListInitCompleted.
2009-12-3 11:25:12	switchboardStarted.
2009-12-3 11:25:22	instantMessageReceived from amon.wk@live.com:hi
2009-12-3 11:25:22	exceptionCaught:java.lang.NullPointerException
2009-12-3 11:25:22	controlMessageReceived:text/x-msmsgscontrol
2009-12-3 11:25:22	exceptionCaught:java.lang.NullPointerException
2009-12-3 11:25:22	instantMessageReceived from amon.wk@live.com:i
2009-12-3 11:25:22	exceptionCaught:java.lang.NullPointerException
2009-12-3 11:25:24	controlMessageReceived:text/x-msmsgscontrol
2009-12-3 11:25:24	exceptionCaught:java.lang.NullPointerException
2009-12-3 11:25:25	instantMessageReceived from amon.wk@live.com:hi
2009-12-3 11:25:25	exceptionCaught:java.lang.NullPointerException
2009-12-3 11:25:29	controlMessageReceived:text/x-msmsgscontrol
2009-12-3 11:25:29	exceptionCaught:java.lang.NullPointerException
2009-12-3 11:25:30	instantMessageReceived from amon.wk@live.com:7
2009-12-3 11:25:35	controlMessageReceived:text/x-msmsgscontrol
2009-12-3 11:25:35	exceptionCaught:java.lang.NullPointerException
2009-12-3 11:25:40	controlMessageReceived:text/x-msmsgscontrol
2009-12-3 11:25:40	exceptionCaught:java.lang.NullPointerException
2009-12-3 11:25:41	instantMessageReceived from amon.wk@live.com:hn
2009-12-3 11:26:06	controlMessageReceived:text/x-msmsgscontrol
2009-12-3 11:26:06	exceptionCaught:java.lang.NullPointerException
2009-12-3 11:26:06	instantMessageReceived from amon.wk@live.com:>
2009-12-3 11:26:21	controlMessageReceived:text/x-msmsgscontrol
2009-12-3 11:26:21	exceptionCaught:java.lang.NullPointerException
2009-12-3 11:26:21	instantMessageReceived from amon.wk@live.com:>
2009-12-3 11:31:21	switchboardClosed.
2009-12-3 11:35:52	switchboardStarted.
2009-12-3 11:36:02	controlMessageReceived:text/x-msmsgscontrol
2009-12-3 11:36:02	exceptionCaught:java.lang.NullPointerException
2009-12-3 11:36:02	instantMessageReceived from amon.wk@live.com:exit
2009-12-3 11:36:04	instantMessageReceived from amon.wk@live.com:hi
2009-12-3 11:36:05	controlMessageReceived:text/x-msmsgscontrol
2009-12-3 11:36:05	exceptionCaught:java.lang.NullPointerException
2009-12-3 11:36:07	instantMessageReceived from amon.wk@live.com:exit
2009-12-3 11:36:28	java.net.ConnectException: Connection timed out: connect
2009-12-3 11:36:28	controlMessageReceived:text/x-msmsgscontrol
2009-12-3 11:36:28	exceptionCaught:java.lang.NullPointerException
2009-12-3 11:36:28	instantMessageReceived from amon.wk@live.com:exit
2009-12-3 11:36:29	instantMessageReceived from amon.wk@live.com:hi
2009-12-3 11:36:29	controlMessageReceived:text/x-msmsgscontrol
2009-12-3 11:36:29	exceptionCaught:java.lang.NullPointerException
2009-12-3 11:36:29	instantMessageReceived from amon.wk@live.com:exit
