2009-12-2 11:31:17	loginCompleted.
2009-12-2 11:31:17	IP 初始化成功！
2009-12-2 11:31:17	IM支持服务加载成功！
2009-12-2 11:31:17	IM服务初始化成功！
2009-12-2 11:31:17	systemMessageReceived:null
2009-12-2 11:31:17	exceptionCaught:java.lang.NullPointerException
2009-12-2 11:31:18	contactListSyncCompleted.
2009-12-2 11:31:18	ownerStatusChanged.
2009-12-2 11:31:19	contactListInitCompleted.
2009-12-2 11:31:19	contactStatusChanged from amonsoft@live.com
2009-12-2 11:31:19	contactStatusChanged from amonsoft@live.com
2009-12-2 11:31:19	contactStatusChanged from amon.hm@live.com
2009-12-2 11:31:19	contactStatusChanged from amon.hm@live.com
2009-12-2 11:31:19	contactStatusChanged from amon.rg@live.com
2009-12-2 11:31:19	contactStatusChanged from amon.rg@live.com
2009-12-2 11:31:20	contactStatusChanged from amon.wk@live.com
2009-12-2 11:31:20	contactStatusChanged from amon.wk@live.com
2009-12-2 11:31:30	contactStatusChanged from amon.wk@live.com
2009-12-2 11:31:40	contactStatusChanged from amon.wk@live.com
2009-12-2 11:31:40	contactStatusChanged from amon.wk@live.com
2009-12-2 11:32:02	switchboardStarted.
2009-12-2 11:32:02	instantMessageReceived from amon.wk@live.com:ko
2009-12-2 11:32:18	controlMessageReceived:text/x-msmsgscontrol
2009-12-2 11:32:18	exceptionCaught:java.lang.NullPointerException
2009-12-2 11:32:19	instantMessageReceived from amon.wk@live.com:222.73.115.178
2009-12-2 11:32:30	controlMessageReceived:text/x-msmsgscontrol
2009-12-2 11:32:30	exceptionCaught:java.lang.NullPointerException
2009-12-2 11:32:30	instantMessageReceived from amon.wk@live.com:9
2009-12-2 11:32:36	controlMessageReceived:text/x-msmsgscontrol
2009-12-2 11:32:36	exceptionCaught:java.lang.NullPointerException
2009-12-2 11:32:38	instantMessageReceived from amon.wk@live.com:222.73.115.178
2009-12-2 11:32:56	controlMessageReceived:text/x-msmsgscontrol
2009-12-2 11:32:56	exceptionCaught:java.lang.NullPointerException
2009-12-2 11:32:59	instantMessageReceived from amon.wk@live.com:127.0.0.1
2009-12-2 11:33:02	contactLeaveSwitchboard from amon.wk@live.com
2009-12-2 11:33:02	switchboardClosed.
2009-12-2 11:33:27	switchboardStarted.
2009-12-2 11:33:27	controlMessageReceived:text/x-msmsgscontrol
2009-12-2 11:33:27	exceptionCaught:java.lang.NullPointerException
2009-12-2 11:33:28	instantMessageReceived from amon.wk@live.com:127.0.0.1
2009-12-2 11:38:39	switchboardClosed.
2009-12-2 12:00:11	contactStatusChanged from amon.wk@live.com
2009-12-2 12:43:04	contactStatusChanged from amon.wk@live.com
2009-12-2 12:44:46	switchboardStarted.
2009-12-2 12:44:46	controlMessageReceived:text/x-msmsgscontrol
2009-12-2 12:44:46	exceptionCaught:java.lang.NullPointerException
2009-12-2 12:44:48	instantMessageReceived from amon.wk@live.com:127.0.0.1
2009-12-2 12:44:59	controlMessageReceived:text/x-msmsgscontrol
2009-12-2 12:44:59	exceptionCaught:java.lang.NullPointerException
2009-12-2 12:45:01	instantMessageReceived from amon.wk@live.com:192.18.0.1
2009-12-2 12:45:12	controlMessageReceived:text/x-msmsgscontrol
2009-12-2 12:45:12	exceptionCaught:java.lang.NullPointerException
2009-12-2 12:45:14	instantMessageReceived from amon.wk@live.com:192.0.0.1
2009-12-2 12:46:21	controlMessageReceived:text/x-msmsgscontrol
2009-12-2 12:46:21	exceptionCaught:java.lang.NullPointerException
2009-12-2 12:46:23	instantMessageReceived from amon.wk@live.com:60.23
2009-12-2 12:48:10	controlMessageReceived:text/x-msmsgscontrol
2009-12-2 12:48:10	exceptionCaught:java.lang.NullPointerException
2009-12-2 12:48:13	instantMessageReceived from amon.wk@live.com:52.30.10.30
2009-12-2 12:48:23	controlMessageReceived:text/x-msmsgscontrol
2009-12-2 12:48:23	exceptionCaught:java.lang.NullPointerException
2009-12-2 12:48:25	instantMessageReceived from amon.wk@live.com:51.30.10.30
2009-12-2 12:48:37	controlMessageReceived:text/x-msmsgscontrol
2009-12-2 12:48:37	exceptionCaught:java.lang.NullPointerException
2009-12-2 12:48:38	instantMessageReceived from amon.wk@live.com:50.30.10.30
2009-12-2 12:48:45	controlMessageReceived:text/x-msmsgscontrol
2009-12-2 12:48:45	exceptionCaught:java.lang.NullPointerException
2009-12-2 12:48:45	instantMessageReceived from amon.wk@live.com:53.30.10.30
2009-12-2 12:48:53	controlMessageReceived:text/x-msmsgscontrol
2009-12-2 12:48:53	exceptionCaught:java.lang.NullPointerException
2009-12-2 12:48:53	instantMessageReceived from amon.wk@live.com:66.30.10.30
2009-12-2 12:51:03	instantMessageReceived from amon.wk@live.com:~
2009-12-2 12:52:20	controlMessageReceived:text/x-msmsgscontrol
2009-12-2 12:52:20	exceptionCaught:java.lang.NullPointerException
2009-12-2 12:52:22	instantMessageReceived from amon.wk@live.com:66.66.66.66
2009-12-2 12:52:29	controlMessageReceived:text/x-msmsgscontrol
2009-12-2 12:52:29	exceptionCaught:java.lang.NullPointerException
2009-12-2 12:52:32	instantMessageReceived from amon.wk@live.com:166.66.66.66
2009-12-2 12:52:52	controlMessageReceived:text/x-msmsgscontrol
2009-12-2 12:52:52	exceptionCaught:java.lang.NullPointerException
2009-12-2 12:52:53	instantMessageReceived from amon.wk@live.com:220.181.31.8
2009-12-2 12:53:05	controlMessageReceived:text/x-msmsgscontrol
2009-12-2 12:53:05	exceptionCaught:java.lang.NullPointerException
2009-12-2 12:53:06	instantMessageReceived from amon.wk@live.com:exit
2009-12-2 12:53:06	switchboardClosed.
2009-12-2 12:53:06	logout.
2009-12-2 18:24:35	loginCompleted.
2009-12-2 18:24:35	IP 初始化成功！
2009-12-2 18:24:35	IM支持服务加载成功！
2009-12-2 18:24:35	IM服务初始化成功！
2009-12-2 18:24:35	systemMessageReceived:null
2009-12-2 18:24:35	exceptionCaught:java.lang.NullPointerException
2009-12-2 18:24:36	contactListSyncCompleted.
2009-12-2 18:24:37	ownerStatusChanged.
2009-12-2 18:24:37	contactStatusChanged from amon.wk@live.com
2009-12-2 18:24:37	contactStatusChanged from amon.wk@live.com
2009-12-2 18:24:37	contactListInitCompleted.
2009-12-2 18:25:20	switchboardStarted.
2009-12-2 18:25:21	instantMessageReceived from amon.wk@live.com:hi
2009-12-2 18:25:22	controlMessageReceived:text/x-msmsgscontrol
2009-12-2 18:25:22	exceptionCaught:java.lang.NullPointerException
2009-12-2 18:25:23	instantMessageReceived from amon.wk@live.com:exit
2009-12-2 18:25:23	switchboardClosed.
2009-12-2 18:25:23	logout.
2009-12-2 18:25:46	loginCompleted.
2009-12-2 18:25:46	IP 初始化成功！
2009-12-2 18:25:46	IM支持服务加载成功！
2009-12-2 18:25:46	IM服务初始化成功！
2009-12-2 18:25:46	systemMessageReceived:null
2009-12-2 18:25:46	exceptionCaught:java.lang.NullPointerException
2009-12-2 18:25:46	contactListSyncCompleted.
2009-12-2 18:25:47	ownerStatusChanged.
2009-12-2 18:25:47	contactStatusChanged from amon.wk@live.com
2009-12-2 18:25:47	contactStatusChanged from amon.wk@live.com
2009-12-2 18:25:47	contactListInitCompleted.
2009-12-2 18:26:05	switchboardStarted.
2009-12-2 18:26:06	instantMessageReceived from amon.wk@live.com:exit
2009-12-2 18:26:06	switchboardClosed.
2009-12-2 18:26:06	logout.
2009-12-2 18:26:52	loginCompleted.
2009-12-2 18:26:52	IP 初始化成功！
2009-12-2 18:26:52	Phone 初始化成功！
2009-12-2 18:26:52	IM支持服务加载成功！
2009-12-2 18:26:52	IM服务初始化成功！
2009-12-2 18:26:52	systemMessageReceived:null
2009-12-2 18:26:52	exceptionCaught:java.lang.NullPointerException
2009-12-2 18:26:53	contactListSyncCompleted.
2009-12-2 18:26:53	ownerStatusChanged.
2009-12-2 18:26:53	contactStatusChanged from amon.wk@live.com
2009-12-2 18:26:53	contactStatusChanged from amon.wk@live.com
2009-12-2 18:26:53	contactListInitCompleted.
2009-12-2 18:27:21	switchboardStarted.
2009-12-2 18:27:21	instantMessageReceived from amon.wk@live.com:hi
2009-12-2 18:27:23	controlMessageReceived:text/x-msmsgscontrol
2009-12-2 18:27:23	exceptionCaught:java.lang.NullPointerException
2009-12-2 18:27:24	instantMessageReceived from amon.wk@live.com:8
2009-12-2 18:27:27	controlMessageReceived:text/x-msmsgscontrol
2009-12-2 18:27:27	exceptionCaught:java.lang.NullPointerException
2009-12-2 18:27:28	instantMessageReceived from amon.wk@live.com:1880213
2009-12-2 18:27:35	controlMessageReceived:text/x-msmsgscontrol
2009-12-2 18:27:35	exceptionCaught:java.lang.NullPointerException
2009-12-2 18:27:39	instantMessageReceived from amon.wk@live.com:1880213
2009-12-2 18:27:45	controlMessageReceived:text/x-msmsgscontrol
2009-12-2 18:27:45	exceptionCaught:java.lang.NullPointerException
2009-12-2 18:27:49	instantMessageReceived from amon.wk@live.com:1358570
2009-12-2 18:27:52	controlMessageReceived:text/x-msmsgscontrol
2009-12-2 18:27:52	exceptionCaught:java.lang.NullPointerException
2009-12-2 18:27:55	instantMessageReceived from amon.wk@live.com:13585709149
2009-12-2 18:28:31	controlMessageReceived:text/x-msmsgscontrol
2009-12-2 18:28:31	exceptionCaught:java.lang.NullPointerException
2009-12-2 18:28:31	instantMessageReceived from amon.wk@live.com:exit
2009-12-2 18:28:31	switchboardClosed.
2009-12-2 18:28:31	logout.
2009-12-2 18:29:00	loginCompleted.
2009-12-2 18:29:00	IP 初始化成功！
2009-12-2 18:29:00	Phone 初始化成功！
2009-12-2 18:29:00	IM支持服务加载成功！
2009-12-2 18:29:00	IM服务初始化成功！
2009-12-2 18:29:00	systemMessageReceived:null
2009-12-2 18:29:00	exceptionCaught:java.lang.NullPointerException
2009-12-2 18:29:00	contactListSyncCompleted.
2009-12-2 18:29:00	ownerStatusChanged.
2009-12-2 18:29:01	contactStatusChanged from amon.wk@live.com
2009-12-2 18:29:01	contactStatusChanged from amon.wk@live.com
2009-12-2 18:29:01	contactListInitCompleted.
2009-12-2 18:29:10	switchboardStarted.
2009-12-2 18:29:10	controlMessageReceived:text/x-msmsgscontrol
2009-12-2 18:29:10	exceptionCaught:java.lang.NullPointerException
2009-12-2 18:29:10	instantMessageReceived from amon.wk@live.com:????
2009-12-2 18:29:15	controlMessageReceived:text/x-msmsgscontrol
2009-12-2 18:29:15	exceptionCaught:java.lang.NullPointerException
2009-12-2 18:29:15	instantMessageReceived from amon.wk@live.com:8
2009-12-2 18:29:18	controlMessageReceived:text/x-msmsgscontrol
2009-12-2 18:29:18	exceptionCaught:java.lang.NullPointerException
2009-12-2 18:29:20	instantMessageReceived from amon.wk@live.com:1880213
2009-12-2 18:29:20	java.lang.ArrayIndexOutOfBoundsException: 3
2009-12-2 18:29:32	controlMessageReceived:text/x-msmsgscontrol
2009-12-2 18:29:32	exceptionCaught:java.lang.NullPointerException
2009-12-2 18:29:35	instantMessageReceived from amon.wk@live.com:1358570
2009-12-2 18:29:59	controlMessageReceived:text/x-msmsgscontrol
2009-12-2 18:29:59	exceptionCaught:java.lang.NullPointerException
2009-12-2 18:30:04	controlMessageReceived:text/x-msmsgscontrol
2009-12-2 18:30:04	exceptionCaught:java.lang.NullPointerException
2009-12-2 18:30:09	controlMessageReceived:text/x-msmsgscontrol
2009-12-2 18:30:09	exceptionCaught:java.lang.NullPointerException
2009-12-2 18:30:10	instantMessageReceived from amon.wk@live.com:1381804
2009-12-2 18:31:11	controlMessageReceived:text/x-msmsgscontrol
2009-12-2 18:31:11	exceptionCaught:java.lang.NullPointerException
2009-12-2 18:31:12	instantMessageReceived from amon.wk@live.com:9
2009-12-2 18:31:21	controlMessageReceived:text/x-msmsgscontrol
2009-12-2 18:31:21	exceptionCaught:java.lang.NullPointerException
2009-12-2 18:31:22	instantMessageReceived from amon.wk@live.com:..
2009-12-2 18:36:22	switchboardClosed.
2009-12-2 19:02:31	switchboardStarted.
2009-12-2 19:02:31	instantMessageReceived from amon.wk@live.com:exit
2009-12-2 19:02:31	switchboardClosed.
2009-12-2 19:02:31	logout.
