2009-12-21 12:10:20	系统启动：当前可用JRE版本 － 1.6.0_10-rc-b28
2009-12-21 12:10:20	系统启动：当前使用界面风格信息 (system, com.sun.java.swing.plaf.windows.WindowsLookAndFeel)
2009-12-21 12:11:24	系统启动：当前可用JRE版本 － 1.6.0_10-rc-b28
2009-12-21 12:11:28	系统启动：当前使用界面风格信息 (system, com.sun.java.swing.plaf.windows.WindowsLookAndFeel)
2009-12-21 12:12:19	系统启动：当前可用JRE版本 － 1.6.0_10-rc-b28
2009-12-21 12:12:40	系统启动：当前使用界面风格信息 (system, com.sun.java.swing.plaf.windows.WindowsLookAndFeel)
2009-12-21 12:12:55	系统启动：当前可用JRE版本 － 1.6.0_10-rc-b28
2009-12-21 12:12:55	系统启动：当前使用界面风格信息 (system, com.sun.java.swing.plaf.windows.WindowsLookAndFeel)
2009-12-21 12:17:45	系统启动：当前可用JRE版本 － 1.6.0_10-rc-b28
2009-12-21 12:17:45	系统启动：当前使用界面风格信息 (system, com.sun.java.swing.plaf.windows.WindowsLookAndFeel)
2009-12-21 12:18:52	系统启动：当前可用JRE版本 － 1.6.0_10-rc-b28
2009-12-21 12:18:52	系统启动：当前使用界面风格信息 (system, com.sun.java.swing.plaf.windows.WindowsLookAndFeel)
2009-12-21 12:19:10	系统启动：当前可用JRE版本 － 1.6.0_10-rc-b28
2009-12-21 12:19:10	系统启动：当前使用界面风格信息 (system, com.sun.java.swing.plaf.windows.WindowsLookAndFeel)
2009-12-21 12:23:10	系统启动：当前可用JRE版本 － 1.6.0_10-rc-b28
2009-12-21 12:23:10	系统启动：当前使用界面风格信息 (system, com.sun.java.swing.plaf.windows.WindowsLookAndFeel)
2009-12-21 12:23:10	java.io.FileNotFoundException: dat\C5010000_lang.properties (系统找不到指定的文件。)
2009-12-21 12:28:09	系统启动：当前可用JRE版本 － 1.6.0_10-rc-b28
2009-12-21 12:28:09	系统启动：用户配置数据信息加载！
2009-12-21 12:28:09	系统启动：当前使用界面风格信息 (system, com.sun.java.swing.plaf.windows.WindowsLookAndFeel)
2009-12-21 12:28:09	系统启动：应用程序启动！
2009-12-21 12:29:13	系统退出：开始..
2009-12-21 12:29:13	系统退出：保存用户配置
2009-12-21 12:29:13	用户配置数据保存！
2009-12-21 12:29:13	java.io.FileNotFoundException: 60000000\rmp.wsc (系统找不到指定的路径。)
2009-12-21 12:29:13	系统退出：关闭数据连接
2009-12-21 12:29:13	数据压缩：生成目录文档 － bak/60000000/amon.backup
2009-12-21 12:29:13	用户指定数据文件：
2009-12-21 12:29:13	dat/60000000
2009-12-21 12:29:13	压缩处理中：正在压缩... 60000000/
2009-12-21 12:29:13	压缩处理中：正在压缩... 60000000/.svn/
2009-12-21 12:29:13	压缩处理中：正在压缩... 60000000/.svn/all-wcprops
2009-12-21 12:29:13	压缩处理中：正在压缩... 60000000/.svn/entries
2009-12-21 12:29:13	压缩处理中：正在压缩... 60000000/.svn/prop-base/
2009-12-21 12:29:13	压缩处理中：正在压缩... 60000000/.svn/props/
2009-12-21 12:29:13	压缩处理中：正在压缩... 60000000/.svn/text-base/
2009-12-21 12:29:13	压缩处理中：正在压缩... 60000000/.svn/text-base/rmp.wsc.svn-base
2009-12-21 12:29:13	压缩处理中：正在压缩... 60000000/.svn/tmp/
2009-12-21 12:29:13	压缩处理中：正在压缩... 60000000/.svn/tmp/prop-base/
2009-12-21 12:29:13	压缩处理中：正在压缩... 60000000/.svn/tmp/props/
2009-12-21 12:29:13	压缩处理中：正在压缩... 60000000/.svn/tmp/text-base/
2009-12-21 12:29:13	压缩处理中：正在压缩... 60000000/amon/
2009-12-21 12:29:13	压缩处理中：正在压缩... 60000000/amon/.svn/
2009-12-21 12:29:13	压缩处理中：正在压缩... 60000000/amon/.svn/all-wcprops
2009-12-21 12:29:13	压缩处理中：正在压缩... 60000000/amon/.svn/entries
2009-12-21 12:29:13	压缩处理中：正在压缩... 60000000/amon/.svn/prop-base/
2009-12-21 12:29:13	压缩处理中：正在压缩... 60000000/amon/.svn/props/
2009-12-21 12:29:13	压缩处理中：正在压缩... 60000000/amon/.svn/text-base/
2009-12-21 12:29:13	压缩处理中：正在压缩... 60000000/amon/.svn/tmp/
2009-12-21 12:29:13	压缩处理中：正在压缩... 60000000/amon/.svn/tmp/prop-base/
2009-12-21 12:29:13	压缩处理中：正在压缩... 60000000/amon/.svn/tmp/props/
2009-12-21 12:29:13	压缩处理中：正在压缩... 60000000/amon/.svn/tmp/text-base/
2009-12-21 12:29:13	压缩处理中：正在压缩... 60000000/amon/lang/
2009-12-21 12:29:13	压缩处理中：正在压缩... 60000000/amon/lang/.svn/
2009-12-21 12:29:13	压缩处理中：正在压缩... 60000000/amon/lang/.svn/all-wcprops
2009-12-21 12:29:13	压缩处理中：正在压缩... 60000000/amon/lang/.svn/entries
2009-12-21 12:29:13	压缩处理中：正在压缩... 60000000/amon/lang/.svn/prop-base/
2009-12-21 12:29:13	压缩处理中：正在压缩... 60000000/amon/lang/.svn/props/
2009-12-21 12:29:13	压缩处理中：正在压缩... 60000000/amon/lang/.svn/text-base/
2009-12-21 12:29:13	压缩处理中：正在压缩... 60000000/amon/lang/.svn/text-base/A3010000.wsc.svn-base
2009-12-21 12:29:13	压缩处理中：正在压缩... 60000000/amon/lang/.svn/tmp/
2009-12-21 12:29:13	压缩处理中：正在压缩... 60000000/amon/lang/.svn/tmp/prop-base/
2009-12-21 12:29:13	压缩处理中：正在压缩... 60000000/amon/lang/.svn/tmp/props/
2009-12-21 12:29:13	压缩处理中：正在压缩... 60000000/amon/lang/.svn/tmp/text-base/
2009-12-21 12:29:13	压缩处理中：正在压缩... 60000000/amon/lang/A3010000.wsc
2009-12-21 12:29:13	压缩处理中：正在压缩... 60000000/irp/
2009-12-21 12:29:13	压缩处理中：正在压缩... 60000000/irp/.svn/
2009-12-21 12:29:13	压缩处理中：正在压缩... 60000000/irp/.svn/all-wcprops
2009-12-21 12:29:13	压缩处理中：正在压缩... 60000000/irp/.svn/entries
2009-12-21 12:29:13	压缩处理中：正在压缩... 60000000/irp/.svn/prop-base/
2009-12-21 12:29:13	压缩处理中：正在压缩... 60000000/irp/.svn/props/
2009-12-21 12:29:13	压缩处理中：正在压缩... 60000000/irp/.svn/text-base/
2009-12-21 12:29:13	压缩处理中：正在压缩... 60000000/irp/.svn/text-base/irp.xml.svn-base
2009-12-21 12:29:13	压缩处理中：正在压缩... 60000000/irp/.svn/tmp/
2009-12-21 12:29:13	压缩处理中：正在压缩... 60000000/irp/.svn/tmp/prop-base/
2009-12-21 12:29:13	压缩处理中：正在压缩... 60000000/irp/.svn/tmp/props/
2009-12-21 12:29:13	压缩处理中：正在压缩... 60000000/irp/.svn/tmp/text-base/
2009-12-21 12:29:13	压缩处理中：正在压缩... 60000000/irp/irp.xml
2009-12-21 12:29:13	压缩处理中：正在压缩... 60000000/rmp.wsc
2009-12-21 12:29:13	系统退出：完毕！
--------------------------------------------------


2009-12-21 12:30:29	系统启动：当前可用JRE版本 － 1.6.0_10-rc-b28
2009-12-21 12:30:29	系统启动：用户配置数据信息加载！
2009-12-21 12:30:29	系统启动：当前使用界面风格信息 (system, com.sun.java.swing.plaf.windows.WindowsLookAndFeel)
2009-12-21 12:30:29	系统启动：应用程序启动！
2009-12-21 12:30:38	系统退出：开始..
2009-12-21 12:30:38	系统退出：保存用户配置
2009-12-21 12:30:38	用户配置数据保存！
2009-12-21 12:30:38	系统退出：关闭数据连接
2009-12-21 12:30:38	数据压缩：生成目录文档 － bak/60000000/amon.backup
2009-12-21 12:30:38	用户指定数据文件：
2009-12-21 12:30:38	dat/60000000
2009-12-21 12:30:38	压缩处理中：正在压缩... 60000000/
2009-12-21 12:30:38	压缩处理中：正在压缩... 60000000/.svn/
2009-12-21 12:30:38	压缩处理中：正在压缩... 60000000/.svn/all-wcprops
2009-12-21 12:30:38	压缩处理中：正在压缩... 60000000/.svn/entries
2009-12-21 12:30:38	压缩处理中：正在压缩... 60000000/.svn/prop-base/
2009-12-21 12:30:38	压缩处理中：正在压缩... 60000000/.svn/props/
2009-12-21 12:30:38	压缩处理中：正在压缩... 60000000/.svn/text-base/
2009-12-21 12:30:38	压缩处理中：正在压缩... 60000000/.svn/text-base/rmp.wsc.svn-base
2009-12-21 12:30:38	压缩处理中：正在压缩... 60000000/.svn/tmp/
2009-12-21 12:30:38	压缩处理中：正在压缩... 60000000/.svn/tmp/prop-base/
2009-12-21 12:30:38	压缩处理中：正在压缩... 60000000/.svn/tmp/props/
2009-12-21 12:30:38	压缩处理中：正在压缩... 60000000/.svn/tmp/text-base/
2009-12-21 12:30:38	压缩处理中：正在压缩... 60000000/amon/
2009-12-21 12:30:38	压缩处理中：正在压缩... 60000000/amon/.svn/
2009-12-21 12:30:38	压缩处理中：正在压缩... 60000000/amon/.svn/all-wcprops
2009-12-21 12:30:38	压缩处理中：正在压缩... 60000000/amon/.svn/entries
2009-12-21 12:30:38	压缩处理中：正在压缩... 60000000/amon/.svn/prop-base/
2009-12-21 12:30:38	压缩处理中：正在压缩... 60000000/amon/.svn/props/
2009-12-21 12:30:38	压缩处理中：正在压缩... 60000000/amon/.svn/text-base/
2009-12-21 12:30:38	压缩处理中：正在压缩... 60000000/amon/.svn/tmp/
2009-12-21 12:30:38	压缩处理中：正在压缩... 60000000/amon/.svn/tmp/prop-base/
2009-12-21 12:30:38	压缩处理中：正在压缩... 60000000/amon/.svn/tmp/props/
2009-12-21 12:30:38	压缩处理中：正在压缩... 60000000/amon/.svn/tmp/text-base/
2009-12-21 12:30:38	压缩处理中：正在压缩... 60000000/amon/lang/
2009-12-21 12:30:38	压缩处理中：正在压缩... 60000000/amon/lang/.svn/
2009-12-21 12:30:38	压缩处理中：正在压缩... 60000000/amon/lang/.svn/all-wcprops
2009-12-21 12:30:38	压缩处理中：正在压缩... 60000000/amon/lang/.svn/entries
2009-12-21 12:30:38	压缩处理中：正在压缩... 60000000/amon/lang/.svn/prop-base/
2009-12-21 12:30:38	压缩处理中：正在压缩... 60000000/amon/lang/.svn/props/
2009-12-21 12:30:38	压缩处理中：正在压缩... 60000000/amon/lang/.svn/text-base/
2009-12-21 12:30:38	压缩处理中：正在压缩... 60000000/amon/lang/.svn/text-base/A3010000.wsc.svn-base
2009-12-21 12:30:38	压缩处理中：正在压缩... 60000000/amon/lang/.svn/tmp/
2009-12-21 12:30:38	压缩处理中：正在压缩... 60000000/amon/lang/.svn/tmp/prop-base/
2009-12-21 12:30:38	压缩处理中：正在压缩... 60000000/amon/lang/.svn/tmp/props/
2009-12-21 12:30:38	压缩处理中：正在压缩... 60000000/amon/lang/.svn/tmp/text-base/
2009-12-21 12:30:38	压缩处理中：正在压缩... 60000000/amon/lang/A3010000.wsc
2009-12-21 12:30:38	压缩处理中：正在压缩... 60000000/irp/
2009-12-21 12:30:38	压缩处理中：正在压缩... 60000000/irp/.svn/
2009-12-21 12:30:38	压缩处理中：正在压缩... 60000000/irp/.svn/all-wcprops
2009-12-21 12:30:38	压缩处理中：正在压缩... 60000000/irp/.svn/entries
2009-12-21 12:30:38	压缩处理中：正在压缩... 60000000/irp/.svn/prop-base/
2009-12-21 12:30:38	压缩处理中：正在压缩... 60000000/irp/.svn/props/
2009-12-21 12:30:38	压缩处理中：正在压缩... 60000000/irp/.svn/text-base/
2009-12-21 12:30:38	压缩处理中：正在压缩... 60000000/irp/.svn/text-base/irp.xml.svn-base
2009-12-21 12:30:38	压缩处理中：正在压缩... 60000000/irp/.svn/tmp/
2009-12-21 12:30:38	压缩处理中：正在压缩... 60000000/irp/.svn/tmp/prop-base/
2009-12-21 12:30:38	压缩处理中：正在压缩... 60000000/irp/.svn/tmp/props/
2009-12-21 12:30:38	压缩处理中：正在压缩... 60000000/irp/.svn/tmp/text-base/
2009-12-21 12:30:38	压缩处理中：正在压缩... 60000000/irp/irp.xml
2009-12-21 12:30:38	压缩处理中：正在压缩... 60000000/rmp.wsc
2009-12-21 12:30:38	系统退出：完毕！
--------------------------------------------------


2009-12-21 12:43:36	系统启动：当前可用JRE版本 － 1.6.0_10-rc-b28
2009-12-21 12:43:36	系统启动：用户配置数据信息加载！
2009-12-21 12:43:36	系统启动：当前使用界面风格信息 (system, com.sun.java.swing.plaf.windows.WindowsLookAndFeel)
2009-12-21 12:43:36	系统启动：应用程序启动！
2009-12-21 12:43:43	processPacket：org.jivesoftware.smack.packet.RosterPacket@6cd4c46d
2009-12-21 12:43:43	java.lang.ClassNotFoundException: rmp.irp.m.help.Help
2009-12-21 12:43:43	unknownMessageReceived:
2009-12-21 12:44:04	processPacket：org.jivesoftware.smack.packet.Message@eee084a8
2009-12-21 12:44:18	系统退出：开始..
2009-12-21 12:44:18	系统退出：保存用户配置
2009-12-21 12:44:18	用户配置数据保存！
2009-12-21 12:44:18	系统退出：关闭数据连接
2009-12-21 12:44:18	数据压缩：生成目录文档 － bak/60000000/amon.backup
2009-12-21 12:44:18	用户指定数据文件：
2009-12-21 12:44:18	dat/60000000
2009-12-21 12:44:18	压缩处理中：正在压缩... 60000000/
2009-12-21 12:44:18	压缩处理中：正在压缩... 60000000/.svn/
2009-12-21 12:44:18	压缩处理中：正在压缩... 60000000/.svn/all-wcprops
2009-12-21 12:44:18	压缩处理中：正在压缩... 60000000/.svn/entries
2009-12-21 12:44:18	压缩处理中：正在压缩... 60000000/.svn/prop-base/
2009-12-21 12:44:18	压缩处理中：正在压缩... 60000000/.svn/props/
2009-12-21 12:44:18	压缩处理中：正在压缩... 60000000/.svn/text-base/
2009-12-21 12:44:18	压缩处理中：正在压缩... 60000000/.svn/text-base/rmp.wsc.svn-base
2009-12-21 12:44:18	压缩处理中：正在压缩... 60000000/.svn/tmp/
2009-12-21 12:44:18	压缩处理中：正在压缩... 60000000/.svn/tmp/prop-base/
2009-12-21 12:44:18	压缩处理中：正在压缩... 60000000/.svn/tmp/props/
2009-12-21 12:44:18	压缩处理中：正在压缩... 60000000/.svn/tmp/text-base/
2009-12-21 12:44:18	压缩处理中：正在压缩... 60000000/amon/
2009-12-21 12:44:18	压缩处理中：正在压缩... 60000000/amon/.svn/
2009-12-21 12:44:18	压缩处理中：正在压缩... 60000000/amon/.svn/all-wcprops
2009-12-21 12:44:18	压缩处理中：正在压缩... 60000000/amon/.svn/entries
2009-12-21 12:44:18	压缩处理中：正在压缩... 60000000/amon/.svn/prop-base/
2009-12-21 12:44:18	压缩处理中：正在压缩... 60000000/amon/.svn/props/
2009-12-21 12:44:18	压缩处理中：正在压缩... 60000000/amon/.svn/text-base/
2009-12-21 12:44:18	压缩处理中：正在压缩... 60000000/amon/.svn/tmp/
2009-12-21 12:44:18	压缩处理中：正在压缩... 60000000/amon/.svn/tmp/prop-base/
2009-12-21 12:44:18	压缩处理中：正在压缩... 60000000/amon/.svn/tmp/props/
2009-12-21 12:44:18	压缩处理中：正在压缩... 60000000/amon/.svn/tmp/text-base/
2009-12-21 12:44:18	压缩处理中：正在压缩... 60000000/amon/lang/
2009-12-21 12:44:18	压缩处理中：正在压缩... 60000000/amon/lang/.svn/
2009-12-21 12:44:18	压缩处理中：正在压缩... 60000000/amon/lang/.svn/all-wcprops
2009-12-21 12:44:18	压缩处理中：正在压缩... 60000000/amon/lang/.svn/entries
2009-12-21 12:44:18	压缩处理中：正在压缩... 60000000/amon/lang/.svn/prop-base/
2009-12-21 12:44:18	压缩处理中：正在压缩... 60000000/amon/lang/.svn/props/
2009-12-21 12:44:18	压缩处理中：正在压缩... 60000000/amon/lang/.svn/text-base/
2009-12-21 12:44:18	压缩处理中：正在压缩... 60000000/amon/lang/.svn/text-base/A3010000.wsc.svn-base
2009-12-21 12:44:18	压缩处理中：正在压缩... 60000000/amon/lang/.svn/tmp/
2009-12-21 12:44:18	压缩处理中：正在压缩... 60000000/amon/lang/.svn/tmp/prop-base/
2009-12-21 12:44:18	压缩处理中：正在压缩... 60000000/amon/lang/.svn/tmp/props/
2009-12-21 12:44:18	压缩处理中：正在压缩... 60000000/amon/lang/.svn/tmp/text-base/
2009-12-21 12:44:18	压缩处理中：正在压缩... 60000000/amon/lang/A3010000.wsc
2009-12-21 12:44:18	压缩处理中：正在压缩... 60000000/irp/
2009-12-21 12:44:18	压缩处理中：正在压缩... 60000000/irp/.svn/
2009-12-21 12:44:18	压缩处理中：正在压缩... 60000000/irp/.svn/all-wcprops
2009-12-21 12:44:18	压缩处理中：正在压缩... 60000000/irp/.svn/entries
2009-12-21 12:44:18	压缩处理中：正在压缩... 60000000/irp/.svn/prop-base/
2009-12-21 12:44:18	压缩处理中：正在压缩... 60000000/irp/.svn/props/
2009-12-21 12:44:18	压缩处理中：正在压缩... 60000000/irp/.svn/text-base/
2009-12-21 12:44:18	压缩处理中：正在压缩... 60000000/irp/.svn/text-base/irp.xml.svn-base
2009-12-21 12:44:18	压缩处理中：正在压缩... 60000000/irp/.svn/tmp/
2009-12-21 12:44:18	压缩处理中：正在压缩... 60000000/irp/.svn/tmp/prop-base/
2009-12-21 12:44:18	压缩处理中：正在压缩... 60000000/irp/.svn/tmp/props/
2009-12-21 12:44:18	压缩处理中：正在压缩... 60000000/irp/.svn/tmp/text-base/
2009-12-21 12:44:18	压缩处理中：正在压缩... 60000000/irp/irp.xml
2009-12-21 12:44:18	压缩处理中：正在压缩... 60000000/rmp.wsc
2009-12-21 12:44:18	系统退出：完毕！
--------------------------------------------------


2009-12-21 12:53:38	系统启动：当前可用JRE版本 － 1.6.0_10-rc-b28
2009-12-21 12:53:38	系统启动：用户配置数据信息加载！
2009-12-21 12:53:38	系统启动：当前使用界面风格信息 (system, com.sun.java.swing.plaf.windows.WindowsLookAndFeel)
2009-12-21 12:53:38	系统启动：应用程序启动！
2009-12-21 12:53:47	processPacket：org.jivesoftware.smack.packet.RosterPacket@970e9b9e
2009-12-21 12:53:47	java.util.InvalidPropertiesFormatException: org.xml.sax.SAXParseException: Attribute "comment" must be declared for element type "entry".
2009-12-21 12:53:47	unknownMessageReceived:
2009-12-21 12:53:47	processPacket：available ()
2009-12-21 12:56:04	processPacket：available ()
2009-12-21 12:57:11	系统退出：开始..
2009-12-21 12:57:11	系统退出：保存用户配置
2009-12-21 12:57:11	用户配置数据保存！
2009-12-21 12:57:11	系统退出：关闭数据连接
2009-12-21 12:57:11	数据压缩：生成目录文档 － bak/60000000/amon.backup
2009-12-21 12:57:11	用户指定数据文件：
2009-12-21 12:57:11	dat/60000000
2009-12-21 12:57:11	压缩处理中：正在压缩... 60000000/
2009-12-21 12:57:11	压缩处理中：正在压缩... 60000000/.svn/
2009-12-21 12:57:11	压缩处理中：正在压缩... 60000000/.svn/all-wcprops
2009-12-21 12:57:11	压缩处理中：正在压缩... 60000000/.svn/entries
2009-12-21 12:57:11	压缩处理中：正在压缩... 60000000/.svn/prop-base/
2009-12-21 12:57:11	压缩处理中：正在压缩... 60000000/.svn/props/
2009-12-21 12:57:11	压缩处理中：正在压缩... 60000000/.svn/text-base/
2009-12-21 12:57:11	压缩处理中：正在压缩... 60000000/.svn/text-base/rmp.wsc.svn-base
2009-12-21 12:57:11	压缩处理中：正在压缩... 60000000/.svn/tmp/
2009-12-21 12:57:11	压缩处理中：正在压缩... 60000000/.svn/tmp/prop-base/
2009-12-21 12:57:11	压缩处理中：正在压缩... 60000000/.svn/tmp/props/
2009-12-21 12:57:11	压缩处理中：正在压缩... 60000000/.svn/tmp/text-base/
2009-12-21 12:57:11	压缩处理中：正在压缩... 60000000/amon/
2009-12-21 12:57:11	压缩处理中：正在压缩... 60000000/amon/.svn/
2009-12-21 12:57:11	压缩处理中：正在压缩... 60000000/amon/.svn/all-wcprops
2009-12-21 12:57:11	压缩处理中：正在压缩... 60000000/amon/.svn/entries
2009-12-21 12:57:11	压缩处理中：正在压缩... 60000000/amon/.svn/prop-base/
2009-12-21 12:57:11	压缩处理中：正在压缩... 60000000/amon/.svn/props/
2009-12-21 12:57:11	压缩处理中：正在压缩... 60000000/amon/.svn/text-base/
2009-12-21 12:57:11	压缩处理中：正在压缩... 60000000/amon/.svn/tmp/
2009-12-21 12:57:11	压缩处理中：正在压缩... 60000000/amon/.svn/tmp/prop-base/
2009-12-21 12:57:11	压缩处理中：正在压缩... 60000000/amon/.svn/tmp/props/
2009-12-21 12:57:11	压缩处理中：正在压缩... 60000000/amon/.svn/tmp/text-base/
2009-12-21 12:57:11	压缩处理中：正在压缩... 60000000/amon/lang/
2009-12-21 12:57:11	压缩处理中：正在压缩... 60000000/amon/lang/.svn/
2009-12-21 12:57:11	压缩处理中：正在压缩... 60000000/amon/lang/.svn/all-wcprops
2009-12-21 12:57:11	压缩处理中：正在压缩... 60000000/amon/lang/.svn/entries
2009-12-21 12:57:11	压缩处理中：正在压缩... 60000000/amon/lang/.svn/prop-base/
2009-12-21 12:57:11	压缩处理中：正在压缩... 60000000/amon/lang/.svn/props/
2009-12-21 12:57:11	压缩处理中：正在压缩... 60000000/amon/lang/.svn/text-base/
2009-12-21 12:57:11	压缩处理中：正在压缩... 60000000/amon/lang/.svn/text-base/A3010000.wsc.svn-base
2009-12-21 12:57:11	压缩处理中：正在压缩... 60000000/amon/lang/.svn/tmp/
2009-12-21 12:57:11	压缩处理中：正在压缩... 60000000/amon/lang/.svn/tmp/prop-base/
2009-12-21 12:57:11	压缩处理中：正在压缩... 60000000/amon/lang/.svn/tmp/props/
2009-12-21 12:57:11	压缩处理中：正在压缩... 60000000/amon/lang/.svn/tmp/text-base/
2009-12-21 12:57:11	压缩处理中：正在压缩... 60000000/amon/lang/A3010000.wsc
2009-12-21 12:57:11	压缩处理中：正在压缩... 60000000/irp/
2009-12-21 12:57:11	压缩处理中：正在压缩... 60000000/irp/.svn/
2009-12-21 12:57:11	压缩处理中：正在压缩... 60000000/irp/.svn/all-wcprops
2009-12-21 12:57:11	压缩处理中：正在压缩... 60000000/irp/.svn/entries
2009-12-21 12:57:11	压缩处理中：正在压缩... 60000000/irp/.svn/prop-base/
2009-12-21 12:57:11	压缩处理中：正在压缩... 60000000/irp/.svn/props/
2009-12-21 12:57:11	压缩处理中：正在压缩... 60000000/irp/.svn/text-base/
2009-12-21 12:57:11	压缩处理中：正在压缩... 60000000/irp/.svn/text-base/irp.xml.svn-base
2009-12-21 12:57:11	压缩处理中：正在压缩... 60000000/irp/.svn/tmp/
2009-12-21 12:57:11	压缩处理中：正在压缩... 60000000/irp/.svn/tmp/prop-base/
2009-12-21 12:57:11	压缩处理中：正在压缩... 60000000/irp/.svn/tmp/props/
2009-12-21 12:57:11	压缩处理中：正在压缩... 60000000/irp/.svn/tmp/text-base/
2009-12-21 12:57:11	压缩处理中：正在压缩... 60000000/irp/irp.xml
2009-12-21 12:57:11	压缩处理中：正在压缩... 60000000/rmp.wsc
2009-12-21 12:57:11	系统退出：完毕！
--------------------------------------------------


2009-12-21 13:03:43	系统启动：当前可用JRE版本 － 1.6.0_10-rc-b28
2009-12-21 13:03:43	系统启动：用户配置数据信息加载！
2009-12-21 13:03:43	系统启动：当前使用界面风格信息 (system, com.sun.java.swing.plaf.windows.WindowsLookAndFeel)
2009-12-21 13:03:43	系统启动：应用程序启动！
2009-12-21 13:03:52	processPacket：org.jivesoftware.smack.packet.RosterPacket@93d2fc2
2009-12-21 13:03:52	java.util.InvalidPropertiesFormatException: org.xml.sax.SAXParseException: Attribute "comment" must be declared for element type "entry".
2009-12-21 13:03:52	unknownMessageReceived:
2009-12-21 13:03:52	processPacket：available ()
2009-12-21 13:04:24	chatCreated
2009-12-21 13:04:24	processPacket：org.jivesoftware.smack.packet.Message@c94ca51b
2009-12-21 13:04:40	系统退出：开始..
2009-12-21 13:04:40	系统退出：保存用户配置
2009-12-21 13:04:40	用户配置数据保存！
2009-12-21 13:04:40	系统退出：关闭数据连接
2009-12-21 13:04:40	数据压缩：生成目录文档 － bak/60000000/amon.backup
2009-12-21 13:04:40	用户指定数据文件：
2009-12-21 13:04:40	dat/60000000
2009-12-21 13:04:40	压缩处理中：正在压缩... 60000000/
2009-12-21 13:04:40	压缩处理中：正在压缩... 60000000/.svn/
2009-12-21 13:04:40	压缩处理中：正在压缩... 60000000/.svn/all-wcprops
2009-12-21 13:04:40	压缩处理中：正在压缩... 60000000/.svn/entries
2009-12-21 13:04:40	压缩处理中：正在压缩... 60000000/.svn/prop-base/
2009-12-21 13:04:40	压缩处理中：正在压缩... 60000000/.svn/props/
2009-12-21 13:04:40	压缩处理中：正在压缩... 60000000/.svn/text-base/
2009-12-21 13:04:40	压缩处理中：正在压缩... 60000000/.svn/text-base/rmp.wsc.svn-base
2009-12-21 13:04:40	压缩处理中：正在压缩... 60000000/.svn/tmp/
2009-12-21 13:04:40	压缩处理中：正在压缩... 60000000/.svn/tmp/prop-base/
2009-12-21 13:04:40	压缩处理中：正在压缩... 60000000/.svn/tmp/props/
2009-12-21 13:04:40	压缩处理中：正在压缩... 60000000/.svn/tmp/text-base/
2009-12-21 13:04:40	压缩处理中：正在压缩... 60000000/amon/
2009-12-21 13:04:40	压缩处理中：正在压缩... 60000000/amon/.svn/
2009-12-21 13:04:40	压缩处理中：正在压缩... 60000000/amon/.svn/all-wcprops
2009-12-21 13:04:40	压缩处理中：正在压缩... 60000000/amon/.svn/entries
2009-12-21 13:04:40	压缩处理中：正在压缩... 60000000/amon/.svn/prop-base/
2009-12-21 13:04:40	压缩处理中：正在压缩... 60000000/amon/.svn/props/
2009-12-21 13:04:40	压缩处理中：正在压缩... 60000000/amon/.svn/text-base/
2009-12-21 13:04:40	压缩处理中：正在压缩... 60000000/amon/.svn/tmp/
2009-12-21 13:04:40	压缩处理中：正在压缩... 60000000/amon/.svn/tmp/prop-base/
2009-12-21 13:04:40	压缩处理中：正在压缩... 60000000/amon/.svn/tmp/props/
2009-12-21 13:04:40	压缩处理中：正在压缩... 60000000/amon/.svn/tmp/text-base/
2009-12-21 13:04:40	压缩处理中：正在压缩... 60000000/amon/lang/
2009-12-21 13:04:40	压缩处理中：正在压缩... 60000000/amon/lang/.svn/
2009-12-21 13:04:40	压缩处理中：正在压缩... 60000000/amon/lang/.svn/all-wcprops
2009-12-21 13:04:40	压缩处理中：正在压缩... 60000000/amon/lang/.svn/entries
2009-12-21 13:04:40	压缩处理中：正在压缩... 60000000/amon/lang/.svn/prop-base/
2009-12-21 13:04:40	压缩处理中：正在压缩... 60000000/amon/lang/.svn/props/
2009-12-21 13:04:40	压缩处理中：正在压缩... 60000000/amon/lang/.svn/text-base/
2009-12-21 13:04:40	压缩处理中：正在压缩... 60000000/amon/lang/.svn/text-base/A3010000.wsc.svn-base
2009-12-21 13:04:40	压缩处理中：正在压缩... 60000000/amon/lang/.svn/tmp/
2009-12-21 13:04:40	压缩处理中：正在压缩... 60000000/amon/lang/.svn/tmp/prop-base/
2009-12-21 13:04:40	压缩处理中：正在压缩... 60000000/amon/lang/.svn/tmp/props/
2009-12-21 13:04:40	压缩处理中：正在压缩... 60000000/amon/lang/.svn/tmp/text-base/
2009-12-21 13:04:40	压缩处理中：正在压缩... 60000000/amon/lang/A3010000.wsc
2009-12-21 13:04:40	压缩处理中：正在压缩... 60000000/irp/
2009-12-21 13:04:40	压缩处理中：正在压缩... 60000000/irp/.svn/
2009-12-21 13:04:40	压缩处理中：正在压缩... 60000000/irp/.svn/all-wcprops
2009-12-21 13:04:40	压缩处理中：正在压缩... 60000000/irp/.svn/entries
2009-12-21 13:04:40	压缩处理中：正在压缩... 60000000/irp/.svn/prop-base/
2009-12-21 13:04:40	压缩处理中：正在压缩... 60000000/irp/.svn/props/
2009-12-21 13:04:40	压缩处理中：正在压缩... 60000000/irp/.svn/text-base/
2009-12-21 13:04:40	压缩处理中：正在压缩... 60000000/irp/.svn/text-base/irp.xml.svn-base
2009-12-21 13:04:40	压缩处理中：正在压缩... 60000000/irp/.svn/tmp/
2009-12-21 13:04:40	压缩处理中：正在压缩... 60000000/irp/.svn/tmp/prop-base/
2009-12-21 13:04:40	压缩处理中：正在压缩... 60000000/irp/.svn/tmp/props/
2009-12-21 13:04:40	压缩处理中：正在压缩... 60000000/irp/.svn/tmp/text-base/
2009-12-21 13:04:40	压缩处理中：正在压缩... 60000000/irp/irp.xml
2009-12-21 13:04:40	压缩处理中：正在压缩... 60000000/rmp.wsc
2009-12-21 13:04:40	系统退出：完毕！
--------------------------------------------------


2009-12-21 13:05:24	系统启动：当前可用JRE版本 － 1.6.0_10-rc-b28
2009-12-21 13:05:24	系统启动：用户配置数据信息加载！
2009-12-21 13:05:24	系统启动：当前使用界面风格信息 (system, com.sun.java.swing.plaf.windows.WindowsLookAndFeel)
2009-12-21 13:05:24	系统启动：应用程序启动！
2009-12-21 13:05:37	processPacket：org.jivesoftware.smack.packet.RosterPacket@67c5f89c
2009-12-21 13:05:37	java.lang.UnsupportedOperationException: Not supported yet.
2009-12-21 13:05:37	unknownMessageReceived:
2009-12-21 13:07:02	系统退出：开始..
2009-12-21 13:07:02	系统退出：保存用户配置
2009-12-21 13:07:02	用户配置数据保存！
2009-12-21 13:07:02	系统退出：关闭数据连接
2009-12-21 13:07:02	数据压缩：生成目录文档 － bak/60000000/amon.backup
2009-12-21 13:07:02	用户指定数据文件：
2009-12-21 13:07:02	dat/60000000
2009-12-21 13:07:02	压缩处理中：正在压缩... 60000000/
2009-12-21 13:07:02	压缩处理中：正在压缩... 60000000/.svn/
2009-12-21 13:07:02	压缩处理中：正在压缩... 60000000/.svn/all-wcprops
2009-12-21 13:07:02	压缩处理中：正在压缩... 60000000/.svn/entries
2009-12-21 13:07:02	压缩处理中：正在压缩... 60000000/.svn/prop-base/
2009-12-21 13:07:02	压缩处理中：正在压缩... 60000000/.svn/props/
2009-12-21 13:07:02	压缩处理中：正在压缩... 60000000/.svn/text-base/
2009-12-21 13:07:02	压缩处理中：正在压缩... 60000000/.svn/text-base/rmp.wsc.svn-base
2009-12-21 13:07:02	压缩处理中：正在压缩... 60000000/.svn/tmp/
2009-12-21 13:07:02	压缩处理中：正在压缩... 60000000/.svn/tmp/prop-base/
2009-12-21 13:07:02	压缩处理中：正在压缩... 60000000/.svn/tmp/props/
2009-12-21 13:07:02	压缩处理中：正在压缩... 60000000/.svn/tmp/text-base/
2009-12-21 13:07:02	压缩处理中：正在压缩... 60000000/amon/
2009-12-21 13:07:02	压缩处理中：正在压缩... 60000000/amon/.svn/
2009-12-21 13:07:02	压缩处理中：正在压缩... 60000000/amon/.svn/all-wcprops
2009-12-21 13:07:02	压缩处理中：正在压缩... 60000000/amon/.svn/entries
2009-12-21 13:07:02	压缩处理中：正在压缩... 60000000/amon/.svn/prop-base/
2009-12-21 13:07:02	压缩处理中：正在压缩... 60000000/amon/.svn/props/
2009-12-21 13:07:02	压缩处理中：正在压缩... 60000000/amon/.svn/text-base/
2009-12-21 13:07:02	压缩处理中：正在压缩... 60000000/amon/.svn/tmp/
2009-12-21 13:07:02	压缩处理中：正在压缩... 60000000/amon/.svn/tmp/prop-base/
2009-12-21 13:07:02	压缩处理中：正在压缩... 60000000/amon/.svn/tmp/props/
2009-12-21 13:07:02	压缩处理中：正在压缩... 60000000/amon/.svn/tmp/text-base/
2009-12-21 13:07:02	压缩处理中：正在压缩... 60000000/amon/lang/
2009-12-21 13:07:02	压缩处理中：正在压缩... 60000000/amon/lang/.svn/
2009-12-21 13:07:02	压缩处理中：正在压缩... 60000000/amon/lang/.svn/all-wcprops
2009-12-21 13:07:02	压缩处理中：正在压缩... 60000000/amon/lang/.svn/entries
2009-12-21 13:07:02	压缩处理中：正在压缩... 60000000/amon/lang/.svn/prop-base/
2009-12-21 13:07:02	压缩处理中：正在压缩... 60000000/amon/lang/.svn/props/
2009-12-21 13:07:02	压缩处理中：正在压缩... 60000000/amon/lang/.svn/text-base/
2009-12-21 13:07:02	压缩处理中：正在压缩... 60000000/amon/lang/.svn/text-base/A3010000.wsc.svn-base
2009-12-21 13:07:02	压缩处理中：正在压缩... 60000000/amon/lang/.svn/tmp/
2009-12-21 13:07:02	压缩处理中：正在压缩... 60000000/amon/lang/.svn/tmp/prop-base/
2009-12-21 13:07:02	压缩处理中：正在压缩... 60000000/amon/lang/.svn/tmp/props/
2009-12-21 13:07:02	压缩处理中：正在压缩... 60000000/amon/lang/.svn/tmp/text-base/
2009-12-21 13:07:02	压缩处理中：正在压缩... 60000000/amon/lang/A3010000.wsc
2009-12-21 13:07:02	压缩处理中：正在压缩... 60000000/irp/
2009-12-21 13:07:02	压缩处理中：正在压缩... 60000000/irp/.svn/
2009-12-21 13:07:02	压缩处理中：正在压缩... 60000000/irp/.svn/all-wcprops
2009-12-21 13:07:02	压缩处理中：正在压缩... 60000000/irp/.svn/entries
2009-12-21 13:07:02	压缩处理中：正在压缩... 60000000/irp/.svn/prop-base/
2009-12-21 13:07:02	压缩处理中：正在压缩... 60000000/irp/.svn/props/
2009-12-21 13:07:02	压缩处理中：正在压缩... 60000000/irp/.svn/text-base/
2009-12-21 13:07:02	压缩处理中：正在压缩... 60000000/irp/.svn/text-base/irp.xml.svn-base
2009-12-21 13:07:02	压缩处理中：正在压缩... 60000000/irp/.svn/tmp/
2009-12-21 13:07:02	压缩处理中：正在压缩... 60000000/irp/.svn/tmp/prop-base/
2009-12-21 13:07:02	压缩处理中：正在压缩... 60000000/irp/.svn/tmp/props/
2009-12-21 13:07:02	压缩处理中：正在压缩... 60000000/irp/.svn/tmp/text-base/
2009-12-21 13:07:02	压缩处理中：正在压缩... 60000000/irp/irp.xml
2009-12-21 13:07:02	压缩处理中：正在压缩... 60000000/rmp.wsc
2009-12-21 13:07:02	系统退出：完毕！
--------------------------------------------------


2009-12-21 13:07:07	系统启动：当前可用JRE版本 － 1.6.0_10-rc-b28
2009-12-21 13:07:07	系统启动：用户配置数据信息加载！
2009-12-21 13:07:07	系统启动：当前使用界面风格信息 (system, com.sun.java.swing.plaf.windows.WindowsLookAndFeel)
2009-12-21 13:07:07	系统启动：应用程序启动！
2009-12-21 13:07:18	processPacket：org.jivesoftware.smack.packet.RosterPacket@28a5db03
2009-12-21 13:07:18	IP 初始化成功！
2009-12-21 13:07:18	Phone 初始化成功！
2009-12-21 13:07:18	postcode 初始化成功！
2009-12-21 13:07:18	IM支持服务加载成功！
2009-12-21 13:07:18	IM服务初始化成功！
2009-12-21 13:07:18	unknownMessageReceived:
2009-12-21 13:07:19	processPacket：available ()
2009-12-21 13:07:30	chatCreated
2009-12-21 13:07:30	processPacket：org.jivesoftware.smack.packet.Message@3c08204f
2009-12-21 13:07:46	chatCreated
2009-12-21 13:07:46	processPacket：org.jivesoftware.smack.packet.Message@418b0493
2009-12-21 13:07:55	系统退出：开始..
2009-12-21 13:07:55	系统退出：保存用户配置
2009-12-21 13:07:55	用户配置数据保存！
2009-12-21 13:07:55	系统退出：关闭数据连接
2009-12-21 13:07:55	数据压缩：生成目录文档 － bak/60000000/amon.backup
2009-12-21 13:07:55	用户指定数据文件：
2009-12-21 13:07:55	dat/60000000
2009-12-21 13:07:55	压缩处理中：正在压缩... 60000000/
2009-12-21 13:07:55	压缩处理中：正在压缩... 60000000/.svn/
2009-12-21 13:07:55	压缩处理中：正在压缩... 60000000/.svn/all-wcprops
2009-12-21 13:07:55	压缩处理中：正在压缩... 60000000/.svn/entries
2009-12-21 13:07:55	压缩处理中：正在压缩... 60000000/.svn/prop-base/
2009-12-21 13:07:55	压缩处理中：正在压缩... 60000000/.svn/props/
2009-12-21 13:07:55	压缩处理中：正在压缩... 60000000/.svn/text-base/
2009-12-21 13:07:55	压缩处理中：正在压缩... 60000000/.svn/text-base/rmp.wsc.svn-base
2009-12-21 13:07:55	压缩处理中：正在压缩... 60000000/.svn/tmp/
2009-12-21 13:07:55	压缩处理中：正在压缩... 60000000/.svn/tmp/prop-base/
2009-12-21 13:07:55	压缩处理中：正在压缩... 60000000/.svn/tmp/props/
2009-12-21 13:07:55	压缩处理中：正在压缩... 60000000/.svn/tmp/text-base/
2009-12-21 13:07:55	压缩处理中：正在压缩... 60000000/amon/
2009-12-21 13:07:55	压缩处理中：正在压缩... 60000000/amon/.svn/
2009-12-21 13:07:55	压缩处理中：正在压缩... 60000000/amon/.svn/all-wcprops
2009-12-21 13:07:55	压缩处理中：正在压缩... 60000000/amon/.svn/entries
2009-12-21 13:07:55	压缩处理中：正在压缩... 60000000/amon/.svn/prop-base/
2009-12-21 13:07:55	压缩处理中：正在压缩... 60000000/amon/.svn/props/
2009-12-21 13:07:55	压缩处理中：正在压缩... 60000000/amon/.svn/text-base/
2009-12-21 13:07:55	压缩处理中：正在压缩... 60000000/amon/.svn/tmp/
2009-12-21 13:07:55	压缩处理中：正在压缩... 60000000/amon/.svn/tmp/prop-base/
2009-12-21 13:07:55	压缩处理中：正在压缩... 60000000/amon/.svn/tmp/props/
2009-12-21 13:07:55	压缩处理中：正在压缩... 60000000/amon/.svn/tmp/text-base/
2009-12-21 13:07:55	压缩处理中：正在压缩... 60000000/amon/lang/
2009-12-21 13:07:55	压缩处理中：正在压缩... 60000000/amon/lang/.svn/
2009-12-21 13:07:55	压缩处理中：正在压缩... 60000000/amon/lang/.svn/all-wcprops
2009-12-21 13:07:55	压缩处理中：正在压缩... 60000000/amon/lang/.svn/entries
2009-12-21 13:07:55	压缩处理中：正在压缩... 60000000/amon/lang/.svn/prop-base/
2009-12-21 13:07:55	压缩处理中：正在压缩... 60000000/amon/lang/.svn/props/
2009-12-21 13:07:55	压缩处理中：正在压缩... 60000000/amon/lang/.svn/text-base/
2009-12-21 13:07:55	压缩处理中：正在压缩... 60000000/amon/lang/.svn/text-base/A3010000.wsc.svn-base
2009-12-21 13:07:55	压缩处理中：正在压缩... 60000000/amon/lang/.svn/tmp/
2009-12-21 13:07:55	压缩处理中：正在压缩... 60000000/amon/lang/.svn/tmp/prop-base/
2009-12-21 13:07:55	压缩处理中：正在压缩... 60000000/amon/lang/.svn/tmp/props/
2009-12-21 13:07:55	压缩处理中：正在压缩... 60000000/amon/lang/.svn/tmp/text-base/
2009-12-21 13:07:55	压缩处理中：正在压缩... 60000000/amon/lang/A3010000.wsc
2009-12-21 13:07:55	压缩处理中：正在压缩... 60000000/irp/
2009-12-21 13:07:55	压缩处理中：正在压缩... 60000000/irp/.svn/
2009-12-21 13:07:55	压缩处理中：正在压缩... 60000000/irp/.svn/all-wcprops
2009-12-21 13:07:55	压缩处理中：正在压缩... 60000000/irp/.svn/entries
2009-12-21 13:07:55	压缩处理中：正在压缩... 60000000/irp/.svn/prop-base/
2009-12-21 13:07:55	压缩处理中：正在压缩... 60000000/irp/.svn/props/
2009-12-21 13:07:55	压缩处理中：正在压缩... 60000000/irp/.svn/text-base/
2009-12-21 13:07:55	压缩处理中：正在压缩... 60000000/irp/.svn/text-base/irp.xml.svn-base
2009-12-21 13:07:55	压缩处理中：正在压缩... 60000000/irp/.svn/tmp/
2009-12-21 13:07:55	压缩处理中：正在压缩... 60000000/irp/.svn/tmp/prop-base/
2009-12-21 13:07:55	压缩处理中：正在压缩... 60000000/irp/.svn/tmp/props/
2009-12-21 13:07:55	压缩处理中：正在压缩... 60000000/irp/.svn/tmp/text-base/
2009-12-21 13:07:55	压缩处理中：正在压缩... 60000000/irp/irp.xml
2009-12-21 13:07:55	压缩处理中：正在压缩... 60000000/rmp.wsc
2009-12-21 13:07:55	系统退出：完毕！
--------------------------------------------------


2009-12-21 13:11:02	系统启动：当前可用JRE版本 － 1.6.0_10-rc-b28
2009-12-21 13:11:02	系统启动：用户配置数据信息加载！
2009-12-21 13:11:02	系统启动：当前使用界面风格信息 (system, com.sun.java.swing.plaf.windows.WindowsLookAndFeel)
2009-12-21 13:11:03	系统启动：应用程序启动！
2009-12-21 13:11:18	processPacket：org.jivesoftware.smack.packet.RosterPacket@1f990347
2009-12-21 13:11:18	IP 初始化成功！
2009-12-21 13:11:18	Phone 初始化成功！
2009-12-21 13:11:18	postcode 初始化成功！
2009-12-21 13:11:18	IM支持服务加载成功！
2009-12-21 13:11:18	IM服务初始化成功！
2009-12-21 13:11:18	unknownMessageReceived:
2009-12-21 13:11:18	processPacket：available ()
2009-12-21 13:11:33	processPacket：org.jivesoftware.smack.packet.Message@411c6774
2009-12-21 13:12:19	processPacket：org.jivesoftware.smack.packet.Message@41340adf
2009-12-21 13:13:37	processPacket：org.jivesoftware.smack.packet.Message@411c63b3
2009-12-21 13:14:14	processPacket：org.jivesoftware.smack.packet.Message@411c6774
2009-12-21 13:15:34	系统启动：当前可用JRE版本 － 1.6.0_10-rc-b28
2009-12-21 13:15:34	系统启动：用户配置数据信息加载！
2009-12-21 13:15:34	系统启动：当前使用界面风格信息 (system, com.sun.java.swing.plaf.windows.WindowsLookAndFeel)
2009-12-21 13:15:34	系统启动：应用程序启动！
2009-12-21 13:15:43	processPacket：org.jivesoftware.smack.packet.RosterPacket@739514d3
2009-12-21 13:15:43	IP 初始化成功！
2009-12-21 13:15:43	Phone 初始化成功！
2009-12-21 13:15:43	postcode 初始化成功！
2009-12-21 13:15:43	IM支持服务加载成功！
2009-12-21 13:15:43	IM服务初始化成功！
2009-12-21 13:15:43	unknownMessageReceived:
2009-12-21 13:15:43	processPacket：available ()
2009-12-21 13:15:49	chatCreated
2009-12-21 13:15:49	processPacket：org.jivesoftware.smack.packet.Message@c8336e17
2009-12-21 13:15:54	chatCreated
2009-12-21 13:15:54	processPacket：org.jivesoftware.smack.packet.Message@c8336e17
2009-12-21 13:15:59	系统退出：开始..
2009-12-21 13:15:59	系统退出：保存用户配置
2009-12-21 13:15:59	用户配置数据保存！
2009-12-21 13:15:59	系统退出：关闭数据连接
2009-12-21 13:15:59	数据压缩：生成目录文档 － bak/60000000/amon.backup
2009-12-21 13:15:59	用户指定数据文件：
2009-12-21 13:15:59	dat/60000000
2009-12-21 13:15:59	压缩处理中：正在压缩... 60000000/
2009-12-21 13:15:59	压缩处理中：正在压缩... 60000000/.svn/
2009-12-21 13:15:59	压缩处理中：正在压缩... 60000000/.svn/all-wcprops
2009-12-21 13:15:59	压缩处理中：正在压缩... 60000000/.svn/entries
2009-12-21 13:15:59	压缩处理中：正在压缩... 60000000/.svn/prop-base/
2009-12-21 13:15:59	压缩处理中：正在压缩... 60000000/.svn/props/
2009-12-21 13:15:59	压缩处理中：正在压缩... 60000000/.svn/text-base/
2009-12-21 13:15:59	压缩处理中：正在压缩... 60000000/.svn/text-base/rmp.wsc.svn-base
2009-12-21 13:15:59	压缩处理中：正在压缩... 60000000/.svn/tmp/
2009-12-21 13:15:59	压缩处理中：正在压缩... 60000000/.svn/tmp/prop-base/
2009-12-21 13:15:59	压缩处理中：正在压缩... 60000000/.svn/tmp/props/
2009-12-21 13:15:59	压缩处理中：正在压缩... 60000000/.svn/tmp/text-base/
2009-12-21 13:15:59	压缩处理中：正在压缩... 60000000/amon/
2009-12-21 13:15:59	压缩处理中：正在压缩... 60000000/amon/.svn/
2009-12-21 13:15:59	压缩处理中：正在压缩... 60000000/amon/.svn/all-wcprops
2009-12-21 13:15:59	压缩处理中：正在压缩... 60000000/amon/.svn/entries
2009-12-21 13:15:59	压缩处理中：正在压缩... 60000000/amon/.svn/prop-base/
2009-12-21 13:15:59	压缩处理中：正在压缩... 60000000/amon/.svn/props/
2009-12-21 13:15:59	压缩处理中：正在压缩... 60000000/amon/.svn/text-base/
2009-12-21 13:15:59	压缩处理中：正在压缩... 60000000/amon/.svn/tmp/
2009-12-21 13:15:59	压缩处理中：正在压缩... 60000000/amon/.svn/tmp/prop-base/
2009-12-21 13:15:59	压缩处理中：正在压缩... 60000000/amon/.svn/tmp/props/
2009-12-21 13:15:59	压缩处理中：正在压缩... 60000000/amon/.svn/tmp/text-base/
2009-12-21 13:15:59	压缩处理中：正在压缩... 60000000/amon/lang/
2009-12-21 13:15:59	压缩处理中：正在压缩... 60000000/amon/lang/.svn/
2009-12-21 13:15:59	压缩处理中：正在压缩... 60000000/amon/lang/.svn/all-wcprops
2009-12-21 13:15:59	压缩处理中：正在压缩... 60000000/amon/lang/.svn/entries
2009-12-21 13:15:59	压缩处理中：正在压缩... 60000000/amon/lang/.svn/prop-base/
2009-12-21 13:15:59	压缩处理中：正在压缩... 60000000/amon/lang/.svn/props/
2009-12-21 13:15:59	压缩处理中：正在压缩... 60000000/amon/lang/.svn/text-base/
2009-12-21 13:15:59	压缩处理中：正在压缩... 60000000/amon/lang/.svn/text-base/A3010000.wsc.svn-base
2009-12-21 13:15:59	压缩处理中：正在压缩... 60000000/amon/lang/.svn/tmp/
2009-12-21 13:15:59	压缩处理中：正在压缩... 60000000/amon/lang/.svn/tmp/prop-base/
2009-12-21 13:15:59	压缩处理中：正在压缩... 60000000/amon/lang/.svn/tmp/props/
2009-12-21 13:15:59	压缩处理中：正在压缩... 60000000/amon/lang/.svn/tmp/text-base/
2009-12-21 13:15:59	压缩处理中：正在压缩... 60000000/amon/lang/A3010000.wsc
2009-12-21 13:15:59	压缩处理中：正在压缩... 60000000/irp/
2009-12-21 13:15:59	压缩处理中：正在压缩... 60000000/irp/.svn/
2009-12-21 13:15:59	压缩处理中：正在压缩... 60000000/irp/.svn/all-wcprops
2009-12-21 13:15:59	压缩处理中：正在压缩... 60000000/irp/.svn/entries
2009-12-21 13:15:59	压缩处理中：正在压缩... 60000000/irp/.svn/prop-base/
2009-12-21 13:15:59	压缩处理中：正在压缩... 60000000/irp/.svn/props/
2009-12-21 13:15:59	压缩处理中：正在压缩... 60000000/irp/.svn/text-base/
2009-12-21 13:15:59	压缩处理中：正在压缩... 60000000/irp/.svn/text-base/irp.xml.svn-base
2009-12-21 13:15:59	压缩处理中：正在压缩... 60000000/irp/.svn/tmp/
2009-12-21 13:15:59	压缩处理中：正在压缩... 60000000/irp/.svn/tmp/prop-base/
2009-12-21 13:15:59	压缩处理中：正在压缩... 60000000/irp/.svn/tmp/props/
2009-12-21 13:15:59	压缩处理中：正在压缩... 60000000/irp/.svn/tmp/text-base/
2009-12-21 13:15:59	压缩处理中：正在压缩... 60000000/irp/irp.xml
2009-12-21 13:15:59	压缩处理中：正在压缩... 60000000/rmp.wsc
2009-12-21 13:15:59	系统退出：完毕！
--------------------------------------------------


2009-12-21 13:16:02	系统启动：当前可用JRE版本 － 1.6.0_10-rc-b28
2009-12-21 13:16:02	系统启动：用户配置数据信息加载！
2009-12-21 13:16:02	系统启动：当前使用界面风格信息 (system, com.sun.java.swing.plaf.windows.WindowsLookAndFeel)
2009-12-21 13:16:02	系统启动：应用程序启动！
2009-12-21 13:16:18	processPacket：org.jivesoftware.smack.packet.RosterPacket@4792a45e
2009-12-21 13:16:18	IP 初始化成功！
2009-12-21 13:16:18	Phone 初始化成功！
2009-12-21 13:16:18	postcode 初始化成功！
2009-12-21 13:16:18	IM支持服务加载成功！
2009-12-21 13:16:18	IM服务初始化成功！
2009-12-21 13:16:18	unknownMessageReceived:
2009-12-21 13:16:28	chatCreated
2009-12-21 13:16:28	processPacket：org.jivesoftware.smack.packet.Message@b5a9edf5
2009-12-21 13:16:52	chatCreated
2009-12-21 13:16:52	processPacket：org.jivesoftware.smack.packet.Message@b5a9f1d5
2009-12-21 13:18:48	chatCreated
2009-12-21 13:18:48	processPacket：org.jivesoftware.smack.packet.Message@b5a9e616
2009-12-21 13:21:48	系统退出：开始..
2009-12-21 13:21:48	系统退出：保存用户配置
2009-12-21 13:21:48	用户配置数据保存！
2009-12-21 13:21:48	系统退出：关闭数据连接
2009-12-21 13:21:48	数据压缩：生成目录文档 － bak/60000000/amon.backup
2009-12-21 13:21:48	用户指定数据文件：
2009-12-21 13:21:48	dat/60000000
2009-12-21 13:21:48	压缩处理中：正在压缩... 60000000/
2009-12-21 13:21:48	压缩处理中：正在压缩... 60000000/.svn/
2009-12-21 13:21:48	压缩处理中：正在压缩... 60000000/.svn/all-wcprops
2009-12-21 13:21:48	压缩处理中：正在压缩... 60000000/.svn/entries
2009-12-21 13:21:48	压缩处理中：正在压缩... 60000000/.svn/prop-base/
2009-12-21 13:21:48	压缩处理中：正在压缩... 60000000/.svn/props/
2009-12-21 13:21:48	压缩处理中：正在压缩... 60000000/.svn/text-base/
2009-12-21 13:21:48	压缩处理中：正在压缩... 60000000/.svn/text-base/rmp.wsc.svn-base
2009-12-21 13:21:48	压缩处理中：正在压缩... 60000000/.svn/tmp/
2009-12-21 13:21:48	压缩处理中：正在压缩... 60000000/.svn/tmp/prop-base/
2009-12-21 13:21:48	压缩处理中：正在压缩... 60000000/.svn/tmp/props/
2009-12-21 13:21:48	压缩处理中：正在压缩... 60000000/.svn/tmp/text-base/
2009-12-21 13:21:48	压缩处理中：正在压缩... 60000000/amon/
2009-12-21 13:21:48	压缩处理中：正在压缩... 60000000/amon/.svn/
2009-12-21 13:21:48	压缩处理中：正在压缩... 60000000/amon/.svn/all-wcprops
2009-12-21 13:21:48	压缩处理中：正在压缩... 60000000/amon/.svn/entries
2009-12-21 13:21:48	压缩处理中：正在压缩... 60000000/amon/.svn/prop-base/
2009-12-21 13:21:48	压缩处理中：正在压缩... 60000000/amon/.svn/props/
2009-12-21 13:21:48	压缩处理中：正在压缩... 60000000/amon/.svn/text-base/
2009-12-21 13:21:48	压缩处理中：正在压缩... 60000000/amon/.svn/tmp/
2009-12-21 13:21:48	压缩处理中：正在压缩... 60000000/amon/.svn/tmp/prop-base/
2009-12-21 13:21:48	压缩处理中：正在压缩... 60000000/amon/.svn/tmp/props/
2009-12-21 13:21:48	压缩处理中：正在压缩... 60000000/amon/.svn/tmp/text-base/
2009-12-21 13:21:48	压缩处理中：正在压缩... 60000000/amon/lang/
2009-12-21 13:21:48	压缩处理中：正在压缩... 60000000/amon/lang/.svn/
2009-12-21 13:21:48	压缩处理中：正在压缩... 60000000/amon/lang/.svn/all-wcprops
2009-12-21 13:21:48	压缩处理中：正在压缩... 60000000/amon/lang/.svn/entries
2009-12-21 13:21:48	压缩处理中：正在压缩... 60000000/amon/lang/.svn/prop-base/
2009-12-21 13:21:48	压缩处理中：正在压缩... 60000000/amon/lang/.svn/props/
2009-12-21 13:21:48	压缩处理中：正在压缩... 60000000/amon/lang/.svn/text-base/
2009-12-21 13:21:48	压缩处理中：正在压缩... 60000000/amon/lang/.svn/text-base/A3010000.wsc.svn-base
2009-12-21 13:21:48	压缩处理中：正在压缩... 60000000/amon/lang/.svn/tmp/
2009-12-21 13:21:48	压缩处理中：正在压缩... 60000000/amon/lang/.svn/tmp/prop-base/
2009-12-21 13:21:48	压缩处理中：正在压缩... 60000000/amon/lang/.svn/tmp/props/
2009-12-21 13:21:48	压缩处理中：正在压缩... 60000000/amon/lang/.svn/tmp/text-base/
2009-12-21 13:21:48	压缩处理中：正在压缩... 60000000/amon/lang/A3010000.wsc
2009-12-21 13:21:48	压缩处理中：正在压缩... 60000000/irp/
2009-12-21 13:21:48	压缩处理中：正在压缩... 60000000/irp/.svn/
2009-12-21 13:21:48	压缩处理中：正在压缩... 60000000/irp/.svn/all-wcprops
2009-12-21 13:21:48	压缩处理中：正在压缩... 60000000/irp/.svn/entries
2009-12-21 13:21:48	压缩处理中：正在压缩... 60000000/irp/.svn/prop-base/
2009-12-21 13:21:48	压缩处理中：正在压缩... 60000000/irp/.svn/props/
2009-12-21 13:21:48	压缩处理中：正在压缩... 60000000/irp/.svn/text-base/
2009-12-21 13:21:48	压缩处理中：正在压缩... 60000000/irp/.svn/text-base/irp.xml.svn-base
2009-12-21 13:21:48	压缩处理中：正在压缩... 60000000/irp/.svn/tmp/
2009-12-21 13:21:48	压缩处理中：正在压缩... 60000000/irp/.svn/tmp/prop-base/
2009-12-21 13:21:48	压缩处理中：正在压缩... 60000000/irp/.svn/tmp/props/
2009-12-21 13:21:48	压缩处理中：正在压缩... 60000000/irp/.svn/tmp/text-base/
2009-12-21 13:21:48	压缩处理中：正在压缩... 60000000/irp/irp.xml
2009-12-21 13:21:48	压缩处理中：正在压缩... 60000000/rmp.wsc
2009-12-21 13:21:48	系统退出：完毕！
--------------------------------------------------


2009-12-21 13:22:49	系统启动：当前可用JRE版本 － 1.6.0_10-rc-b28
2009-12-21 13:22:49	系统启动：用户配置数据信息加载！
2009-12-21 13:22:49	系统启动：当前使用界面风格信息 (system, com.sun.java.swing.plaf.windows.WindowsLookAndFeel)
2009-12-21 13:22:49	系统启动：应用程序启动！
2009-12-21 13:22:54	processPacket：org.jivesoftware.smack.packet.RosterPacket@b8cc2610
2009-12-21 13:22:54	IP 初始化成功！
2009-12-21 13:22:54	Phone 初始化成功！
2009-12-21 13:22:54	postcode 初始化成功！
2009-12-21 13:22:54	IM支持服务加载成功！
2009-12-21 13:22:54	IM服务初始化成功！
2009-12-21 13:22:54	unknownMessageReceived:
2009-12-21 13:22:54	processPacket：available ()
2009-12-21 13:24:58	系统退出：开始..
2009-12-21 13:24:58	系统退出：保存用户配置
2009-12-21 13:24:58	用户配置数据保存！
2009-12-21 13:24:58	系统退出：关闭数据连接
2009-12-21 13:24:58	数据压缩：生成目录文档 － bak/60000000/amon.backup
2009-12-21 13:24:58	用户指定数据文件：
2009-12-21 13:24:58	dat/60000000
2009-12-21 13:24:58	压缩处理中：正在压缩... 60000000/
2009-12-21 13:24:58	压缩处理中：正在压缩... 60000000/.svn/
2009-12-21 13:24:58	压缩处理中：正在压缩... 60000000/.svn/all-wcprops
2009-12-21 13:24:58	压缩处理中：正在压缩... 60000000/.svn/entries
2009-12-21 13:24:58	压缩处理中：正在压缩... 60000000/.svn/prop-base/
2009-12-21 13:24:58	压缩处理中：正在压缩... 60000000/.svn/props/
2009-12-21 13:24:58	压缩处理中：正在压缩... 60000000/.svn/text-base/
2009-12-21 13:24:58	压缩处理中：正在压缩... 60000000/.svn/text-base/rmp.wsc.svn-base
2009-12-21 13:24:58	压缩处理中：正在压缩... 60000000/.svn/tmp/
2009-12-21 13:24:58	压缩处理中：正在压缩... 60000000/.svn/tmp/prop-base/
2009-12-21 13:24:58	压缩处理中：正在压缩... 60000000/.svn/tmp/props/
2009-12-21 13:24:58	压缩处理中：正在压缩... 60000000/.svn/tmp/text-base/
2009-12-21 13:24:58	压缩处理中：正在压缩... 60000000/amon/
2009-12-21 13:24:58	压缩处理中：正在压缩... 60000000/amon/.svn/
2009-12-21 13:24:58	压缩处理中：正在压缩... 60000000/amon/.svn/all-wcprops
2009-12-21 13:24:58	压缩处理中：正在压缩... 60000000/amon/.svn/entries
2009-12-21 13:24:58	压缩处理中：正在压缩... 60000000/amon/.svn/prop-base/
2009-12-21 13:24:58	压缩处理中：正在压缩... 60000000/amon/.svn/props/
2009-12-21 13:24:58	压缩处理中：正在压缩... 60000000/amon/.svn/text-base/
2009-12-21 13:24:58	压缩处理中：正在压缩... 60000000/amon/.svn/tmp/
2009-12-21 13:24:58	压缩处理中：正在压缩... 60000000/amon/.svn/tmp/prop-base/
2009-12-21 13:24:58	压缩处理中：正在压缩... 60000000/amon/.svn/tmp/props/
2009-12-21 13:24:58	压缩处理中：正在压缩... 60000000/amon/.svn/tmp/text-base/
2009-12-21 13:24:58	压缩处理中：正在压缩... 60000000/amon/lang/
2009-12-21 13:24:58	压缩处理中：正在压缩... 60000000/amon/lang/.svn/
2009-12-21 13:24:58	压缩处理中：正在压缩... 60000000/amon/lang/.svn/all-wcprops
2009-12-21 13:24:58	压缩处理中：正在压缩... 60000000/amon/lang/.svn/entries
2009-12-21 13:24:58	压缩处理中：正在压缩... 60000000/amon/lang/.svn/prop-base/
2009-12-21 13:24:58	压缩处理中：正在压缩... 60000000/amon/lang/.svn/props/
2009-12-21 13:24:58	压缩处理中：正在压缩... 60000000/amon/lang/.svn/text-base/
2009-12-21 13:24:58	压缩处理中：正在压缩... 60000000/amon/lang/.svn/text-base/A3010000.wsc.svn-base
2009-12-21 13:24:58	压缩处理中：正在压缩... 60000000/amon/lang/.svn/tmp/
2009-12-21 13:24:58	压缩处理中：正在压缩... 60000000/amon/lang/.svn/tmp/prop-base/
2009-12-21 13:24:58	压缩处理中：正在压缩... 60000000/amon/lang/.svn/tmp/props/
2009-12-21 13:24:58	压缩处理中：正在压缩... 60000000/amon/lang/.svn/tmp/text-base/
2009-12-21 13:24:58	压缩处理中：正在压缩... 60000000/amon/lang/A3010000.wsc
2009-12-21 13:24:58	压缩处理中：正在压缩... 60000000/irp/
2009-12-21 13:24:58	压缩处理中：正在压缩... 60000000/irp/.svn/
2009-12-21 13:24:58	压缩处理中：正在压缩... 60000000/irp/.svn/all-wcprops
2009-12-21 13:24:58	压缩处理中：正在压缩... 60000000/irp/.svn/entries
2009-12-21 13:24:58	压缩处理中：正在压缩... 60000000/irp/.svn/prop-base/
2009-12-21 13:24:58	压缩处理中：正在压缩... 60000000/irp/.svn/props/
2009-12-21 13:24:58	压缩处理中：正在压缩... 60000000/irp/.svn/text-base/
2009-12-21 13:24:58	压缩处理中：正在压缩... 60000000/irp/.svn/text-base/irp.xml.svn-base
2009-12-21 13:24:58	压缩处理中：正在压缩... 60000000/irp/.svn/tmp/
2009-12-21 13:24:58	压缩处理中：正在压缩... 60000000/irp/.svn/tmp/prop-base/
2009-12-21 13:24:58	压缩处理中：正在压缩... 60000000/irp/.svn/tmp/props/
2009-12-21 13:24:58	压缩处理中：正在压缩... 60000000/irp/.svn/tmp/text-base/
2009-12-21 13:24:58	压缩处理中：正在压缩... 60000000/irp/irp.xml
2009-12-21 13:24:58	压缩处理中：正在压缩... 60000000/rmp.wsc
2009-12-21 13:24:58	系统退出：完毕！
--------------------------------------------------


2009-12-21 13:25:12	系统启动：当前可用JRE版本 － 1.6.0_10-rc-b28
2009-12-21 13:25:12	系统启动：用户配置数据信息加载！
2009-12-21 13:25:13	系统启动：当前使用界面风格信息 (system, com.sun.java.swing.plaf.windows.WindowsLookAndFeel)
2009-12-21 13:25:13	系统启动：应用程序启动！
2009-12-21 13:25:26	processPacket：org.jivesoftware.smack.packet.RosterPacket@661cdcc7
2009-12-21 13:27:05	IP 初始化成功！
2009-12-21 13:27:05	Phone 初始化成功！
2009-12-21 13:27:05	postcode 初始化成功！
2009-12-21 13:27:05	IM支持服务加载成功！
2009-12-21 13:27:05	IM服务初始化成功！
2009-12-21 13:27:05	unknownMessageReceived:
2009-12-21 13:27:05	processPacket：available ()
2009-12-21 13:28:48	processPacket：org.jivesoftware.smack.packet.Message@7f0891af
2009-12-21 13:30:11	系统退出：开始..
2009-12-21 13:30:11	系统退出：保存用户配置
2009-12-21 13:30:11	用户配置数据保存！
2009-12-21 13:30:11	系统退出：关闭数据连接
2009-12-21 13:30:11	数据压缩：生成目录文档 － bak/60000000/amon.backup
2009-12-21 13:30:11	用户指定数据文件：
2009-12-21 13:30:11	dat/60000000
2009-12-21 13:30:11	压缩处理中：正在压缩... 60000000/
2009-12-21 13:30:11	压缩处理中：正在压缩... 60000000/.svn/
2009-12-21 13:30:11	压缩处理中：正在压缩... 60000000/.svn/all-wcprops
2009-12-21 13:30:11	压缩处理中：正在压缩... 60000000/.svn/entries
2009-12-21 13:30:11	压缩处理中：正在压缩... 60000000/.svn/prop-base/
2009-12-21 13:30:11	压缩处理中：正在压缩... 60000000/.svn/props/
2009-12-21 13:30:11	压缩处理中：正在压缩... 60000000/.svn/text-base/
2009-12-21 13:30:11	压缩处理中：正在压缩... 60000000/.svn/text-base/rmp.wsc.svn-base
2009-12-21 13:30:11	压缩处理中：正在压缩... 60000000/.svn/tmp/
2009-12-21 13:30:11	压缩处理中：正在压缩... 60000000/.svn/tmp/prop-base/
2009-12-21 13:30:11	压缩处理中：正在压缩... 60000000/.svn/tmp/props/
2009-12-21 13:30:11	压缩处理中：正在压缩... 60000000/.svn/tmp/text-base/
2009-12-21 13:30:11	压缩处理中：正在压缩... 60000000/amon/
2009-12-21 13:30:11	压缩处理中：正在压缩... 60000000/amon/.svn/
2009-12-21 13:30:11	压缩处理中：正在压缩... 60000000/amon/.svn/all-wcprops
2009-12-21 13:30:11	压缩处理中：正在压缩... 60000000/amon/.svn/entries
2009-12-21 13:30:11	压缩处理中：正在压缩... 60000000/amon/.svn/prop-base/
2009-12-21 13:30:11	压缩处理中：正在压缩... 60000000/amon/.svn/props/
2009-12-21 13:30:11	压缩处理中：正在压缩... 60000000/amon/.svn/text-base/
2009-12-21 13:30:11	压缩处理中：正在压缩... 60000000/amon/.svn/tmp/
2009-12-21 13:30:11	压缩处理中：正在压缩... 60000000/amon/.svn/tmp/prop-base/
2009-12-21 13:30:11	压缩处理中：正在压缩... 60000000/amon/.svn/tmp/props/
2009-12-21 13:30:11	压缩处理中：正在压缩... 60000000/amon/.svn/tmp/text-base/
2009-12-21 13:30:11	压缩处理中：正在压缩... 60000000/amon/lang/
2009-12-21 13:30:11	压缩处理中：正在压缩... 60000000/amon/lang/.svn/
2009-12-21 13:30:11	压缩处理中：正在压缩... 60000000/amon/lang/.svn/all-wcprops
2009-12-21 13:30:11	压缩处理中：正在压缩... 60000000/amon/lang/.svn/entries
2009-12-21 13:30:11	压缩处理中：正在压缩... 60000000/amon/lang/.svn/prop-base/
2009-12-21 13:30:11	压缩处理中：正在压缩... 60000000/amon/lang/.svn/props/
2009-12-21 13:30:11	压缩处理中：正在压缩... 60000000/amon/lang/.svn/text-base/
2009-12-21 13:30:11	压缩处理中：正在压缩... 60000000/amon/lang/.svn/text-base/A3010000.wsc.svn-base
2009-12-21 13:30:11	压缩处理中：正在压缩... 60000000/amon/lang/.svn/tmp/
2009-12-21 13:30:11	压缩处理中：正在压缩... 60000000/amon/lang/.svn/tmp/prop-base/
2009-12-21 13:30:11	压缩处理中：正在压缩... 60000000/amon/lang/.svn/tmp/props/
2009-12-21 13:30:11	压缩处理中：正在压缩... 60000000/amon/lang/.svn/tmp/text-base/
2009-12-21 13:30:11	压缩处理中：正在压缩... 60000000/amon/lang/A3010000.wsc
2009-12-21 13:30:11	压缩处理中：正在压缩... 60000000/irp/
2009-12-21 13:30:11	压缩处理中：正在压缩... 60000000/irp/.svn/
2009-12-21 13:30:11	压缩处理中：正在压缩... 60000000/irp/.svn/all-wcprops
2009-12-21 13:30:11	压缩处理中：正在压缩... 60000000/irp/.svn/entries
2009-12-21 13:30:11	压缩处理中：正在压缩... 60000000/irp/.svn/prop-base/
2009-12-21 13:30:11	压缩处理中：正在压缩... 60000000/irp/.svn/props/
2009-12-21 13:30:11	压缩处理中：正在压缩... 60000000/irp/.svn/text-base/
2009-12-21 13:30:11	压缩处理中：正在压缩... 60000000/irp/.svn/text-base/irp.xml.svn-base
2009-12-21 13:30:11	压缩处理中：正在压缩... 60000000/irp/.svn/tmp/
2009-12-21 13:30:11	压缩处理中：正在压缩... 60000000/irp/.svn/tmp/prop-base/
2009-12-21 13:30:11	压缩处理中：正在压缩... 60000000/irp/.svn/tmp/props/
2009-12-21 13:30:11	压缩处理中：正在压缩... 60000000/irp/.svn/tmp/text-base/
2009-12-21 13:30:11	压缩处理中：正在压缩... 60000000/irp/irp.xml
2009-12-21 13:30:11	压缩处理中：正在压缩... 60000000/rmp.wsc
2009-12-21 13:30:11	系统退出：完毕！
--------------------------------------------------


2009-12-21 13:37:04	系统启动：当前可用JRE版本 － 1.6.0_10-rc-b28
2009-12-21 13:37:05	系统启动：用户配置数据信息加载！
2009-12-21 13:37:05	系统启动：当前使用界面风格信息 (system, com.sun.java.swing.plaf.windows.WindowsLookAndFeel)
2009-12-21 13:37:05	系统启动：应用程序启动！
2009-12-21 13:37:19	processPacket：org.jivesoftware.smack.packet.RosterPacket@7bc49af
2009-12-21 13:37:31	chatCreated
2009-12-21 13:37:31	processPacket：org.jivesoftware.smack.packet.Message@960f508e
2009-12-21 13:37:31	chatCreated
2009-12-21 13:37:31	IP 初始化成功！
2009-12-21 13:37:31	Phone 初始化成功！
2009-12-21 13:37:31	postcode 初始化成功！
2009-12-21 13:37:31	IM支持服务加载成功！
2009-12-21 13:37:31	IM服务初始化成功！
2009-12-21 13:37:39	chatCreated
2009-12-21 13:37:39	processPacket：org.jivesoftware.smack.packet.Message@960f5fb1
2009-12-21 13:37:43	系统退出：开始..
2009-12-21 13:37:43	系统退出：保存用户配置
2009-12-21 13:37:43	用户配置数据保存！
2009-12-21 13:37:43	系统退出：关闭数据连接
2009-12-21 13:37:43	数据压缩：生成目录文档 － bak/60000000/amon.backup
2009-12-21 13:37:43	用户指定数据文件：
2009-12-21 13:37:43	dat/60000000
2009-12-21 13:37:43	压缩处理中：正在压缩... 60000000/
2009-12-21 13:37:43	压缩处理中：正在压缩... 60000000/.svn/
2009-12-21 13:37:43	压缩处理中：正在压缩... 60000000/.svn/all-wcprops
2009-12-21 13:37:43	压缩处理中：正在压缩... 60000000/.svn/entries
2009-12-21 13:37:43	压缩处理中：正在压缩... 60000000/.svn/prop-base/
2009-12-21 13:37:43	压缩处理中：正在压缩... 60000000/.svn/props/
2009-12-21 13:37:43	压缩处理中：正在压缩... 60000000/.svn/text-base/
2009-12-21 13:37:43	压缩处理中：正在压缩... 60000000/.svn/text-base/rmp.wsc.netbeans-base
2009-12-21 13:37:44	压缩处理中：正在压缩... 60000000/.svn/text-base/rmp.wsc.svn-base
2009-12-21 13:37:44	压缩处理中：正在压缩... 60000000/.svn/tmp/
2009-12-21 13:37:44	压缩处理中：正在压缩... 60000000/.svn/tmp/prop-base/
2009-12-21 13:37:44	压缩处理中：正在压缩... 60000000/.svn/tmp/props/
2009-12-21 13:37:44	压缩处理中：正在压缩... 60000000/.svn/tmp/text-base/
2009-12-21 13:37:44	压缩处理中：正在压缩... 60000000/amon/
2009-12-21 13:37:44	压缩处理中：正在压缩... 60000000/amon/.svn/
2009-12-21 13:37:44	压缩处理中：正在压缩... 60000000/amon/.svn/all-wcprops
2009-12-21 13:37:44	压缩处理中：正在压缩... 60000000/amon/.svn/entries
2009-12-21 13:37:44	压缩处理中：正在压缩... 60000000/amon/.svn/prop-base/
2009-12-21 13:37:44	压缩处理中：正在压缩... 60000000/amon/.svn/props/
2009-12-21 13:37:44	压缩处理中：正在压缩... 60000000/amon/.svn/text-base/
2009-12-21 13:37:44	压缩处理中：正在压缩... 60000000/amon/.svn/tmp/
2009-12-21 13:37:44	压缩处理中：正在压缩... 60000000/amon/.svn/tmp/prop-base/
2009-12-21 13:37:44	压缩处理中：正在压缩... 60000000/amon/.svn/tmp/props/
2009-12-21 13:37:44	压缩处理中：正在压缩... 60000000/amon/.svn/tmp/text-base/
2009-12-21 13:37:44	压缩处理中：正在压缩... 60000000/amon/lang/
2009-12-21 13:37:44	压缩处理中：正在压缩... 60000000/amon/lang/.svn/
2009-12-21 13:37:44	压缩处理中：正在压缩... 60000000/amon/lang/.svn/all-wcprops
2009-12-21 13:37:44	压缩处理中：正在压缩... 60000000/amon/lang/.svn/entries
2009-12-21 13:37:44	压缩处理中：正在压缩... 60000000/amon/lang/.svn/prop-base/
2009-12-21 13:37:44	压缩处理中：正在压缩... 60000000/amon/lang/.svn/props/
2009-12-21 13:37:44	压缩处理中：正在压缩... 60000000/amon/lang/.svn/text-base/
2009-12-21 13:37:44	压缩处理中：正在压缩... 60000000/amon/lang/.svn/text-base/A3010000.wsc.svn-base
2009-12-21 13:37:44	压缩处理中：正在压缩... 60000000/amon/lang/.svn/tmp/
2009-12-21 13:37:44	压缩处理中：正在压缩... 60000000/amon/lang/.svn/tmp/prop-base/
2009-12-21 13:37:44	压缩处理中：正在压缩... 60000000/amon/lang/.svn/tmp/props/
2009-12-21 13:37:44	压缩处理中：正在压缩... 60000000/amon/lang/.svn/tmp/text-base/
2009-12-21 13:37:44	压缩处理中：正在压缩... 60000000/amon/lang/A3010000.wsc
2009-12-21 13:37:44	压缩处理中：正在压缩... 60000000/irp/
2009-12-21 13:37:44	压缩处理中：正在压缩... 60000000/irp/.svn/
2009-12-21 13:37:44	压缩处理中：正在压缩... 60000000/irp/.svn/all-wcprops
2009-12-21 13:37:44	压缩处理中：正在压缩... 60000000/irp/.svn/entries
2009-12-21 13:37:44	压缩处理中：正在压缩... 60000000/irp/.svn/prop-base/
2009-12-21 13:37:44	压缩处理中：正在压缩... 60000000/irp/.svn/props/
2009-12-21 13:37:44	压缩处理中：正在压缩... 60000000/irp/.svn/text-base/
2009-12-21 13:37:44	压缩处理中：正在压缩... 60000000/irp/.svn/text-base/irp.xml.svn-base
2009-12-21 13:37:44	压缩处理中：正在压缩... 60000000/irp/.svn/tmp/
2009-12-21 13:37:44	压缩处理中：正在压缩... 60000000/irp/.svn/tmp/prop-base/
2009-12-21 13:37:44	压缩处理中：正在压缩... 60000000/irp/.svn/tmp/props/
2009-12-21 13:37:44	压缩处理中：正在压缩... 60000000/irp/.svn/tmp/text-base/
2009-12-21 13:37:44	压缩处理中：正在压缩... 60000000/irp/irp.xml
2009-12-21 13:37:44	压缩处理中：正在压缩... 60000000/rmp.wsc
2009-12-21 13:37:44	系统退出：完毕！
--------------------------------------------------


2009-12-21 13:37:46	系统启动：当前可用JRE版本 － 1.6.0_10-rc-b28
2009-12-21 13:37:46	系统启动：用户配置数据信息加载！
2009-12-21 13:37:46	系统启动：当前使用界面风格信息 (system, com.sun.java.swing.plaf.windows.WindowsLookAndFeel)
2009-12-21 13:37:46	系统启动：应用程序启动！
2009-12-21 13:37:50	系统退出：开始..
2009-12-21 13:37:50	系统退出：保存用户配置
2009-12-21 13:37:50	用户配置数据保存！
2009-12-21 13:37:50	系统退出：关闭数据连接
2009-12-21 13:37:50	数据压缩：生成目录文档 － bak/60000000/amon.backup
2009-12-21 13:37:50	用户指定数据文件：
2009-12-21 13:37:50	dat/60000000
2009-12-21 13:37:50	压缩处理中：正在压缩... 60000000/
2009-12-21 13:37:50	压缩处理中：正在压缩... 60000000/.svn/
2009-12-21 13:37:50	压缩处理中：正在压缩... 60000000/.svn/all-wcprops
2009-12-21 13:37:50	压缩处理中：正在压缩... 60000000/.svn/entries
2009-12-21 13:37:50	压缩处理中：正在压缩... 60000000/.svn/prop-base/
2009-12-21 13:37:50	压缩处理中：正在压缩... 60000000/.svn/props/
2009-12-21 13:37:50	压缩处理中：正在压缩... 60000000/.svn/text-base/
2009-12-21 13:37:50	压缩处理中：正在压缩... 60000000/.svn/text-base/rmp.wsc.netbeans-base
2009-12-21 13:37:50	压缩处理中：正在压缩... 60000000/.svn/text-base/rmp.wsc.svn-base
2009-12-21 13:37:50	压缩处理中：正在压缩... 60000000/.svn/tmp/
2009-12-21 13:37:50	压缩处理中：正在压缩... 60000000/.svn/tmp/prop-base/
2009-12-21 13:37:50	压缩处理中：正在压缩... 60000000/.svn/tmp/props/
2009-12-21 13:37:50	压缩处理中：正在压缩... 60000000/.svn/tmp/text-base/
2009-12-21 13:37:50	压缩处理中：正在压缩... 60000000/amon/
2009-12-21 13:37:50	压缩处理中：正在压缩... 60000000/amon/.svn/
2009-12-21 13:37:50	压缩处理中：正在压缩... 60000000/amon/.svn/all-wcprops
2009-12-21 13:37:50	压缩处理中：正在压缩... 60000000/amon/.svn/entries
2009-12-21 13:37:50	压缩处理中：正在压缩... 60000000/amon/.svn/prop-base/
2009-12-21 13:37:50	压缩处理中：正在压缩... 60000000/amon/.svn/props/
2009-12-21 13:37:50	压缩处理中：正在压缩... 60000000/amon/.svn/text-base/
2009-12-21 13:37:50	压缩处理中：正在压缩... 60000000/amon/.svn/tmp/
2009-12-21 13:37:50	压缩处理中：正在压缩... 60000000/amon/.svn/tmp/prop-base/
2009-12-21 13:37:50	压缩处理中：正在压缩... 60000000/amon/.svn/tmp/props/
2009-12-21 13:37:50	压缩处理中：正在压缩... 60000000/amon/.svn/tmp/text-base/
2009-12-21 13:37:50	压缩处理中：正在压缩... 60000000/amon/lang/
2009-12-21 13:37:50	压缩处理中：正在压缩... 60000000/amon/lang/.svn/
2009-12-21 13:37:50	压缩处理中：正在压缩... 60000000/amon/lang/.svn/all-wcprops
2009-12-21 13:37:50	压缩处理中：正在压缩... 60000000/amon/lang/.svn/entries
2009-12-21 13:37:50	压缩处理中：正在压缩... 60000000/amon/lang/.svn/prop-base/
2009-12-21 13:37:50	压缩处理中：正在压缩... 60000000/amon/lang/.svn/props/
2009-12-21 13:37:50	压缩处理中：正在压缩... 60000000/amon/lang/.svn/text-base/
2009-12-21 13:37:50	压缩处理中：正在压缩... 60000000/amon/lang/.svn/text-base/A3010000.wsc.svn-base
2009-12-21 13:37:50	压缩处理中：正在压缩... 60000000/amon/lang/.svn/tmp/
2009-12-21 13:37:50	压缩处理中：正在压缩... 60000000/amon/lang/.svn/tmp/prop-base/
2009-12-21 13:37:50	压缩处理中：正在压缩... 60000000/amon/lang/.svn/tmp/props/
2009-12-21 13:37:50	压缩处理中：正在压缩... 60000000/amon/lang/.svn/tmp/text-base/
2009-12-21 13:37:50	压缩处理中：正在压缩... 60000000/amon/lang/A3010000.wsc
2009-12-21 13:37:50	压缩处理中：正在压缩... 60000000/irp/
2009-12-21 13:37:50	压缩处理中：正在压缩... 60000000/irp/.svn/
2009-12-21 13:37:50	压缩处理中：正在压缩... 60000000/irp/.svn/all-wcprops
2009-12-21 13:37:50	压缩处理中：正在压缩... 60000000/irp/.svn/entries
2009-12-21 13:37:50	压缩处理中：正在压缩... 60000000/irp/.svn/prop-base/
2009-12-21 13:37:50	压缩处理中：正在压缩... 60000000/irp/.svn/props/
2009-12-21 13:37:50	压缩处理中：正在压缩... 60000000/irp/.svn/text-base/
2009-12-21 13:37:50	压缩处理中：正在压缩... 60000000/irp/.svn/text-base/irp.xml.svn-base
2009-12-21 13:37:50	压缩处理中：正在压缩... 60000000/irp/.svn/tmp/
2009-12-21 13:37:50	压缩处理中：正在压缩... 60000000/irp/.svn/tmp/prop-base/
2009-12-21 13:37:50	压缩处理中：正在压缩... 60000000/irp/.svn/tmp/props/
2009-12-21 13:37:50	压缩处理中：正在压缩... 60000000/irp/.svn/tmp/text-base/
2009-12-21 13:37:50	压缩处理中：正在压缩... 60000000/irp/irp.xml
2009-12-21 13:37:50	压缩处理中：正在压缩... 60000000/rmp.wsc
2009-12-21 13:37:50	系统退出：完毕！
--------------------------------------------------


2009-12-21 13:37:53	系统启动：当前可用JRE版本 － 1.6.0_10-rc-b28
2009-12-21 13:37:53	系统启动：用户配置数据信息加载！
2009-12-21 13:37:53	系统启动：当前使用界面风格信息 (system, com.sun.java.swing.plaf.windows.WindowsLookAndFeel)
2009-12-21 13:37:53	系统启动：应用程序启动！
2009-12-21 13:38:13	processPacket：org.jivesoftware.smack.packet.RosterPacket@cedb7dc5
2009-12-21 13:38:23	processPacket：available ()
2009-12-21 13:38:57	IP 初始化成功！
2009-12-21 13:38:57	Phone 初始化成功！
2009-12-21 13:38:57	postcode 初始化成功！
2009-12-21 13:38:57	IM支持服务加载成功！
2009-12-21 13:38:57	IM服务初始化成功！
2009-12-21 13:39:10	processPacket：org.jivesoftware.smack.packet.Message@28608d3
2009-12-21 13:39:19	chatCreated
2009-12-21 13:41:21	processPacket：org.jivesoftware.smack.packet.Message@285fd33
2009-12-21 13:41:59	系统退出：开始..
2009-12-21 13:41:59	系统退出：保存用户配置
2009-12-21 13:41:59	用户配置数据保存！
2009-12-21 13:41:59	系统退出：关闭数据连接
2009-12-21 13:41:59	数据压缩：生成目录文档 － bak/60000000/amon.backup
2009-12-21 13:41:59	用户指定数据文件：
2009-12-21 13:41:59	dat/60000000
2009-12-21 13:41:59	压缩处理中：正在压缩... 60000000/
2009-12-21 13:41:59	压缩处理中：正在压缩... 60000000/.svn/
2009-12-21 13:41:59	压缩处理中：正在压缩... 60000000/.svn/all-wcprops
2009-12-21 13:41:59	压缩处理中：正在压缩... 60000000/.svn/entries
2009-12-21 13:41:59	压缩处理中：正在压缩... 60000000/.svn/prop-base/
2009-12-21 13:41:59	压缩处理中：正在压缩... 60000000/.svn/props/
2009-12-21 13:41:59	压缩处理中：正在压缩... 60000000/.svn/text-base/
2009-12-21 13:41:59	压缩处理中：正在压缩... 60000000/.svn/text-base/rmp.wsc.netbeans-base
2009-12-21 13:41:59	压缩处理中：正在压缩... 60000000/.svn/text-base/rmp.wsc.svn-base
2009-12-21 13:41:59	压缩处理中：正在压缩... 60000000/.svn/tmp/
2009-12-21 13:41:59	压缩处理中：正在压缩... 60000000/.svn/tmp/prop-base/
2009-12-21 13:41:59	压缩处理中：正在压缩... 60000000/.svn/tmp/props/
2009-12-21 13:41:59	压缩处理中：正在压缩... 60000000/.svn/tmp/text-base/
2009-12-21 13:41:59	压缩处理中：正在压缩... 60000000/amon/
2009-12-21 13:41:59	压缩处理中：正在压缩... 60000000/amon/.svn/
2009-12-21 13:41:59	压缩处理中：正在压缩... 60000000/amon/.svn/all-wcprops
2009-12-21 13:41:59	压缩处理中：正在压缩... 60000000/amon/.svn/entries
2009-12-21 13:41:59	压缩处理中：正在压缩... 60000000/amon/.svn/prop-base/
2009-12-21 13:41:59	压缩处理中：正在压缩... 60000000/amon/.svn/props/
2009-12-21 13:41:59	压缩处理中：正在压缩... 60000000/amon/.svn/text-base/
2009-12-21 13:41:59	压缩处理中：正在压缩... 60000000/amon/.svn/tmp/
2009-12-21 13:41:59	压缩处理中：正在压缩... 60000000/amon/.svn/tmp/prop-base/
2009-12-21 13:41:59	压缩处理中：正在压缩... 60000000/amon/.svn/tmp/props/
2009-12-21 13:41:59	压缩处理中：正在压缩... 60000000/amon/.svn/tmp/text-base/
2009-12-21 13:41:59	压缩处理中：正在压缩... 60000000/amon/lang/
2009-12-21 13:41:59	压缩处理中：正在压缩... 60000000/amon/lang/.svn/
2009-12-21 13:41:59	压缩处理中：正在压缩... 60000000/amon/lang/.svn/all-wcprops
2009-12-21 13:41:59	压缩处理中：正在压缩... 60000000/amon/lang/.svn/entries
2009-12-21 13:41:59	压缩处理中：正在压缩... 60000000/amon/lang/.svn/prop-base/
2009-12-21 13:41:59	压缩处理中：正在压缩... 60000000/amon/lang/.svn/props/
2009-12-21 13:41:59	压缩处理中：正在压缩... 60000000/amon/lang/.svn/text-base/
2009-12-21 13:41:59	压缩处理中：正在压缩... 60000000/amon/lang/.svn/text-base/A3010000.wsc.svn-base
2009-12-21 13:41:59	压缩处理中：正在压缩... 60000000/amon/lang/.svn/tmp/
2009-12-21 13:41:59	压缩处理中：正在压缩... 60000000/amon/lang/.svn/tmp/prop-base/
2009-12-21 13:41:59	压缩处理中：正在压缩... 60000000/amon/lang/.svn/tmp/props/
2009-12-21 13:41:59	压缩处理中：正在压缩... 60000000/amon/lang/.svn/tmp/text-base/
2009-12-21 13:41:59	压缩处理中：正在压缩... 60000000/amon/lang/A3010000.wsc
2009-12-21 13:41:59	压缩处理中：正在压缩... 60000000/irp/
2009-12-21 13:41:59	压缩处理中：正在压缩... 60000000/irp/.svn/
2009-12-21 13:41:59	压缩处理中：正在压缩... 60000000/irp/.svn/all-wcprops
2009-12-21 13:41:59	压缩处理中：正在压缩... 60000000/irp/.svn/entries
2009-12-21 13:41:59	压缩处理中：正在压缩... 60000000/irp/.svn/prop-base/
2009-12-21 13:41:59	压缩处理中：正在压缩... 60000000/irp/.svn/props/
2009-12-21 13:41:59	压缩处理中：正在压缩... 60000000/irp/.svn/text-base/
2009-12-21 13:41:59	压缩处理中：正在压缩... 60000000/irp/.svn/text-base/irp.xml.svn-base
2009-12-21 13:41:59	压缩处理中：正在压缩... 60000000/irp/.svn/tmp/
2009-12-21 13:41:59	压缩处理中：正在压缩... 60000000/irp/.svn/tmp/prop-base/
2009-12-21 13:41:59	压缩处理中：正在压缩... 60000000/irp/.svn/tmp/props/
2009-12-21 13:41:59	压缩处理中：正在压缩... 60000000/irp/.svn/tmp/text-base/
2009-12-21 13:41:59	压缩处理中：正在压缩... 60000000/irp/irp.xml
2009-12-21 13:41:59	压缩处理中：正在压缩... 60000000/rmp.wsc
2009-12-21 13:41:59	系统退出：完毕！
--------------------------------------------------


2009-12-21 13:42:02	系统启动：当前可用JRE版本 － 1.6.0_10-rc-b28
2009-12-21 13:42:02	系统启动：用户配置数据信息加载！
2009-12-21 13:42:02	系统启动：当前使用界面风格信息 (system, com.sun.java.swing.plaf.windows.WindowsLookAndFeel)
2009-12-21 13:42:02	系统启动：应用程序启动！
2009-12-21 13:42:15	processPacket：org.jivesoftware.smack.packet.RosterPacket@531b61e6
2009-12-21 13:42:31	chatCreated
2009-12-21 13:42:31	processPacket：org.jivesoftware.smack.packet.Message@89068d3c
2009-12-21 13:42:34	chatCreated
2009-12-21 13:43:40	IP 初始化成功！
2009-12-21 13:43:40	Phone 初始化成功！
2009-12-21 13:43:40	postcode 初始化成功！
2009-12-21 13:43:40	IM支持服务加载成功！
2009-12-21 13:43:40	IM服务初始化成功！
2009-12-21 13:43:44	系统退出：开始..
2009-12-21 13:43:44	系统退出：保存用户配置
2009-12-21 13:43:44	用户配置数据保存！
2009-12-21 13:43:44	系统退出：关闭数据连接
2009-12-21 13:43:44	数据压缩：生成目录文档 － bak/60000000/amon.backup
2009-12-21 13:43:44	用户指定数据文件：
2009-12-21 13:43:44	dat/60000000
2009-12-21 13:43:44	压缩处理中：正在压缩... 60000000/
2009-12-21 13:43:44	压缩处理中：正在压缩... 60000000/.svn/
2009-12-21 13:43:44	压缩处理中：正在压缩... 60000000/.svn/all-wcprops
2009-12-21 13:43:44	压缩处理中：正在压缩... 60000000/.svn/entries
2009-12-21 13:43:44	压缩处理中：正在压缩... 60000000/.svn/prop-base/
2009-12-21 13:43:44	压缩处理中：正在压缩... 60000000/.svn/props/
2009-12-21 13:43:44	压缩处理中：正在压缩... 60000000/.svn/text-base/
2009-12-21 13:43:44	压缩处理中：正在压缩... 60000000/.svn/text-base/rmp.wsc.netbeans-base
2009-12-21 13:43:44	压缩处理中：正在压缩... 60000000/.svn/text-base/rmp.wsc.svn-base
2009-12-21 13:43:44	压缩处理中：正在压缩... 60000000/.svn/tmp/
2009-12-21 13:43:44	压缩处理中：正在压缩... 60000000/.svn/tmp/prop-base/
2009-12-21 13:43:44	压缩处理中：正在压缩... 60000000/.svn/tmp/props/
2009-12-21 13:43:44	压缩处理中：正在压缩... 60000000/.svn/tmp/text-base/
2009-12-21 13:43:44	压缩处理中：正在压缩... 60000000/amon/
2009-12-21 13:43:44	压缩处理中：正在压缩... 60000000/amon/.svn/
2009-12-21 13:43:44	压缩处理中：正在压缩... 60000000/amon/.svn/all-wcprops
2009-12-21 13:43:44	压缩处理中：正在压缩... 60000000/amon/.svn/entries
2009-12-21 13:43:44	压缩处理中：正在压缩... 60000000/amon/.svn/prop-base/
2009-12-21 13:43:44	压缩处理中：正在压缩... 60000000/amon/.svn/props/
2009-12-21 13:43:44	压缩处理中：正在压缩... 60000000/amon/.svn/text-base/
2009-12-21 13:43:44	压缩处理中：正在压缩... 60000000/amon/.svn/tmp/
2009-12-21 13:43:44	压缩处理中：正在压缩... 60000000/amon/.svn/tmp/prop-base/
2009-12-21 13:43:44	压缩处理中：正在压缩... 60000000/amon/.svn/tmp/props/
2009-12-21 13:43:44	压缩处理中：正在压缩... 60000000/amon/.svn/tmp/text-base/
2009-12-21 13:43:44	压缩处理中：正在压缩... 60000000/amon/lang/
2009-12-21 13:43:44	压缩处理中：正在压缩... 60000000/amon/lang/.svn/
2009-12-21 13:43:44	压缩处理中：正在压缩... 60000000/amon/lang/.svn/all-wcprops
2009-12-21 13:43:44	压缩处理中：正在压缩... 60000000/amon/lang/.svn/entries
2009-12-21 13:43:44	压缩处理中：正在压缩... 60000000/amon/lang/.svn/prop-base/
2009-12-21 13:43:44	压缩处理中：正在压缩... 60000000/amon/lang/.svn/props/
2009-12-21 13:43:44	压缩处理中：正在压缩... 60000000/amon/lang/.svn/text-base/
2009-12-21 13:43:44	压缩处理中：正在压缩... 60000000/amon/lang/.svn/text-base/A3010000.wsc.svn-base
2009-12-21 13:43:44	压缩处理中：正在压缩... 60000000/amon/lang/.svn/tmp/
2009-12-21 13:43:44	压缩处理中：正在压缩... 60000000/amon/lang/.svn/tmp/prop-base/
2009-12-21 13:43:44	压缩处理中：正在压缩... 60000000/amon/lang/.svn/tmp/props/
2009-12-21 13:43:44	压缩处理中：正在压缩... 60000000/amon/lang/.svn/tmp/text-base/
2009-12-21 13:43:44	压缩处理中：正在压缩... 60000000/amon/lang/A3010000.wsc
2009-12-21 13:43:44	压缩处理中：正在压缩... 60000000/irp/
2009-12-21 13:43:44	压缩处理中：正在压缩... 60000000/irp/.svn/
2009-12-21 13:43:44	压缩处理中：正在压缩... 60000000/irp/.svn/all-wcprops
2009-12-21 13:43:44	压缩处理中：正在压缩... 60000000/irp/.svn/entries
2009-12-21 13:43:44	压缩处理中：正在压缩... 60000000/irp/.svn/prop-base/
2009-12-21 13:43:44	压缩处理中：正在压缩... 60000000/irp/.svn/props/
2009-12-21 13:43:44	压缩处理中：正在压缩... 60000000/irp/.svn/text-base/
2009-12-21 13:43:44	压缩处理中：正在压缩... 60000000/irp/.svn/text-base/irp.xml.svn-base
2009-12-21 13:43:44	压缩处理中：正在压缩... 60000000/irp/.svn/tmp/
2009-12-21 13:43:44	压缩处理中：正在压缩... 60000000/irp/.svn/tmp/prop-base/
2009-12-21 13:43:44	压缩处理中：正在压缩... 60000000/irp/.svn/tmp/props/
2009-12-21 13:43:44	压缩处理中：正在压缩... 60000000/irp/.svn/tmp/text-base/
2009-12-21 13:43:44	压缩处理中：正在压缩... 60000000/irp/irp.xml
2009-12-21 13:43:44	压缩处理中：正在压缩... 60000000/rmp.wsc
2009-12-21 13:43:44	系统退出：完毕！
--------------------------------------------------


2009-12-21 13:45:21	系统启动：当前可用JRE版本 － 1.6.0_10-rc-b28
2009-12-21 13:45:21	系统启动：用户配置数据信息加载！
2009-12-21 13:45:21	系统启动：当前使用界面风格信息 (system, com.sun.java.swing.plaf.windows.WindowsLookAndFeel)
2009-12-21 13:45:21	系统启动：应用程序启动！
2009-12-21 13:45:32	processPacket：org.jivesoftware.smack.packet.RosterPacket@888b0a5f
2009-12-21 13:45:32	processPacket：available ()
2009-12-21 13:45:32	IP 初始化成功！
2009-12-21 13:45:32	Phone 初始化成功！
2009-12-21 13:45:32	postcode 初始化成功！
2009-12-21 13:45:32	IM支持服务加载成功！
2009-12-21 13:45:32	IM服务初始化成功！
2009-12-21 13:45:59	chatCreated
2009-12-21 13:45:59	processPacket：org.jivesoftware.smack.packet.Message@c83aa0a1
2009-12-21 13:46:04	chatCreated
2009-12-21 13:48:25	chatCreated
2009-12-21 13:48:25	processPacket：org.jivesoftware.smack.packet.Message@c83b63d5
2009-12-21 13:48:43	chatCreated
2009-12-21 13:48:43	processPacket：org.jivesoftware.smack.packet.Message@c83b7336
2009-12-21 13:48:58	系统退出：开始..
2009-12-21 13:48:58	系统退出：保存用户配置
2009-12-21 13:48:58	用户配置数据保存！
2009-12-21 13:48:58	系统退出：关闭数据连接
2009-12-21 13:48:58	数据压缩：生成目录文档 － bak/60000000/amon.backup
2009-12-21 13:48:58	用户指定数据文件：
2009-12-21 13:48:58	dat/60000000
2009-12-21 13:48:58	压缩处理中：正在压缩... 60000000/
2009-12-21 13:48:58	压缩处理中：正在压缩... 60000000/.svn/
2009-12-21 13:48:58	压缩处理中：正在压缩... 60000000/.svn/all-wcprops
2009-12-21 13:48:58	压缩处理中：正在压缩... 60000000/.svn/entries
2009-12-21 13:48:58	压缩处理中：正在压缩... 60000000/.svn/prop-base/
2009-12-21 13:48:58	压缩处理中：正在压缩... 60000000/.svn/props/
2009-12-21 13:48:58	压缩处理中：正在压缩... 60000000/.svn/text-base/
2009-12-21 13:48:58	压缩处理中：正在压缩... 60000000/.svn/text-base/rmp.wsc.netbeans-base
2009-12-21 13:48:58	压缩处理中：正在压缩... 60000000/.svn/text-base/rmp.wsc.svn-base
2009-12-21 13:48:58	压缩处理中：正在压缩... 60000000/.svn/tmp/
2009-12-21 13:48:58	压缩处理中：正在压缩... 60000000/.svn/tmp/prop-base/
2009-12-21 13:48:58	压缩处理中：正在压缩... 60000000/.svn/tmp/props/
2009-12-21 13:48:58	压缩处理中：正在压缩... 60000000/.svn/tmp/text-base/
2009-12-21 13:48:58	压缩处理中：正在压缩... 60000000/amon/
2009-12-21 13:48:58	压缩处理中：正在压缩... 60000000/amon/.svn/
2009-12-21 13:48:58	压缩处理中：正在压缩... 60000000/amon/.svn/all-wcprops
2009-12-21 13:48:58	压缩处理中：正在压缩... 60000000/amon/.svn/entries
2009-12-21 13:48:58	压缩处理中：正在压缩... 60000000/amon/.svn/prop-base/
2009-12-21 13:48:58	压缩处理中：正在压缩... 60000000/amon/.svn/props/
2009-12-21 13:48:58	压缩处理中：正在压缩... 60000000/amon/.svn/text-base/
2009-12-21 13:48:58	压缩处理中：正在压缩... 60000000/amon/.svn/tmp/
2009-12-21 13:48:58	压缩处理中：正在压缩... 60000000/amon/.svn/tmp/prop-base/
2009-12-21 13:48:58	压缩处理中：正在压缩... 60000000/amon/.svn/tmp/props/
2009-12-21 13:48:58	压缩处理中：正在压缩... 60000000/amon/.svn/tmp/text-base/
2009-12-21 13:48:58	压缩处理中：正在压缩... 60000000/amon/lang/
2009-12-21 13:48:58	压缩处理中：正在压缩... 60000000/amon/lang/.svn/
2009-12-21 13:48:58	压缩处理中：正在压缩... 60000000/amon/lang/.svn/all-wcprops
2009-12-21 13:48:58	压缩处理中：正在压缩... 60000000/amon/lang/.svn/entries
2009-12-21 13:48:58	压缩处理中：正在压缩... 60000000/amon/lang/.svn/prop-base/
2009-12-21 13:48:58	压缩处理中：正在压缩... 60000000/amon/lang/.svn/props/
2009-12-21 13:48:58	压缩处理中：正在压缩... 60000000/amon/lang/.svn/text-base/
2009-12-21 13:48:58	压缩处理中：正在压缩... 60000000/amon/lang/.svn/text-base/A3010000.wsc.svn-base
2009-12-21 13:48:58	压缩处理中：正在压缩... 60000000/amon/lang/.svn/tmp/
2009-12-21 13:48:58	压缩处理中：正在压缩... 60000000/amon/lang/.svn/tmp/prop-base/
2009-12-21 13:48:58	压缩处理中：正在压缩... 60000000/amon/lang/.svn/tmp/props/
2009-12-21 13:48:58	压缩处理中：正在压缩... 60000000/amon/lang/.svn/tmp/text-base/
2009-12-21 13:48:58	压缩处理中：正在压缩... 60000000/amon/lang/A3010000.wsc
2009-12-21 13:48:58	压缩处理中：正在压缩... 60000000/irp/
2009-12-21 13:48:58	压缩处理中：正在压缩... 60000000/irp/.svn/
2009-12-21 13:48:58	压缩处理中：正在压缩... 60000000/irp/.svn/all-wcprops
2009-12-21 13:48:58	压缩处理中：正在压缩... 60000000/irp/.svn/entries
2009-12-21 13:48:58	压缩处理中：正在压缩... 60000000/irp/.svn/prop-base/
2009-12-21 13:48:58	压缩处理中：正在压缩... 60000000/irp/.svn/props/
2009-12-21 13:48:58	压缩处理中：正在压缩... 60000000/irp/.svn/text-base/
2009-12-21 13:48:58	压缩处理中：正在压缩... 60000000/irp/.svn/text-base/irp.xml.svn-base
2009-12-21 13:48:58	压缩处理中：正在压缩... 60000000/irp/.svn/tmp/
2009-12-21 13:48:58	压缩处理中：正在压缩... 60000000/irp/.svn/tmp/prop-base/
2009-12-21 13:48:58	压缩处理中：正在压缩... 60000000/irp/.svn/tmp/props/
2009-12-21 13:48:58	压缩处理中：正在压缩... 60000000/irp/.svn/tmp/text-base/
2009-12-21 13:48:58	压缩处理中：正在压缩... 60000000/irp/irp.xml
2009-12-21 13:48:58	压缩处理中：正在压缩... 60000000/rmp.wsc
2009-12-21 13:48:58	系统退出：完毕！
--------------------------------------------------


2009-12-21 17:14:32	系统启动：当前可用JRE版本 － 1.6.0_10-rc-b28
2009-12-21 17:14:32	系统启动：用户配置数据信息加载！
2009-12-21 17:14:32	系统启动：当前使用界面风格信息 (system, com.sun.java.swing.plaf.windows.WindowsLookAndFeel)
2009-12-21 17:14:32	系统启动：应用程序启动！
2009-12-21 17:14:46	processPacket：org.jivesoftware.smack.packet.RosterPacket@f1d5e5d2
2009-12-21 17:14:46	chatCreated
2009-12-21 17:14:46	processPacket：org.jivesoftware.smack.packet.Message@b654ca97
2009-12-21 17:14:46	chatCreated
2009-12-21 17:14:46	IP 初始化成功！
2009-12-21 17:14:46	Phone 初始化成功！
2009-12-21 17:14:46	postcode 初始化成功！
2009-12-21 17:14:46	IM支持服务加载成功！
2009-12-21 17:14:46	IM服务初始化成功！
2009-12-21 17:14:46	processPacket：org.jivesoftware.smackx.packet.Version@5af80db0
2009-12-21 17:14:46	unknownMessageReceived:
2009-12-21 17:14:46	processPacket：org.jivesoftware.smackx.packet.LastActivity@5cace64f
2009-12-21 17:14:46	unknownMessageReceived:
2009-12-21 17:15:02	processPacket：org.jivesoftware.smackx.packet.Version@38d72144
2009-12-21 17:15:02	unknownMessageReceived:
2009-12-21 17:15:02	processPacket：org.jivesoftware.smackx.packet.LastActivity@3a8bf9e3
2009-12-21 17:15:02	unknownMessageReceived:
2009-12-21 17:15:14	chatCreated
2009-12-21 17:15:14	processPacket：org.jivesoftware.smack.packet.Message@668b6efd
2009-12-21 17:16:04	系统退出：开始..
2009-12-21 17:16:04	系统退出：保存用户配置
2009-12-21 17:16:04	用户配置数据保存！
2009-12-21 17:16:04	系统退出：关闭数据连接
2009-12-21 17:16:04	数据压缩：生成目录文档 － bak/60000000/amon.backup
2009-12-21 17:16:04	用户指定数据文件：
2009-12-21 17:16:04	dat/60000000
2009-12-21 17:16:04	压缩处理中：正在压缩... 60000000/
2009-12-21 17:16:04	压缩处理中：正在压缩... 60000000/.svn/
2009-12-21 17:16:04	压缩处理中：正在压缩... 60000000/.svn/all-wcprops
2009-12-21 17:16:04	压缩处理中：正在压缩... 60000000/.svn/entries
2009-12-21 17:16:04	压缩处理中：正在压缩... 60000000/.svn/prop-base/
2009-12-21 17:16:04	压缩处理中：正在压缩... 60000000/.svn/props/
2009-12-21 17:16:04	压缩处理中：正在压缩... 60000000/.svn/text-base/
2009-12-21 17:16:04	压缩处理中：正在压缩... 60000000/.svn/text-base/rmp.wsc.netbeans-base
2009-12-21 17:16:04	压缩处理中：正在压缩... 60000000/.svn/text-base/rmp.wsc.svn-base
2009-12-21 17:16:04	压缩处理中：正在压缩... 60000000/.svn/tmp/
2009-12-21 17:16:04	压缩处理中：正在压缩... 60000000/.svn/tmp/prop-base/
2009-12-21 17:16:04	压缩处理中：正在压缩... 60000000/.svn/tmp/props/
2009-12-21 17:16:04	压缩处理中：正在压缩... 60000000/.svn/tmp/text-base/
2009-12-21 17:16:04	压缩处理中：正在压缩... 60000000/amon/
2009-12-21 17:16:04	压缩处理中：正在压缩... 60000000/amon/.svn/
2009-12-21 17:16:04	压缩处理中：正在压缩... 60000000/amon/.svn/all-wcprops
2009-12-21 17:16:04	压缩处理中：正在压缩... 60000000/amon/.svn/entries
2009-12-21 17:16:04	压缩处理中：正在压缩... 60000000/amon/.svn/prop-base/
2009-12-21 17:16:04	压缩处理中：正在压缩... 60000000/amon/.svn/props/
2009-12-21 17:16:04	压缩处理中：正在压缩... 60000000/amon/.svn/text-base/
2009-12-21 17:16:04	压缩处理中：正在压缩... 60000000/amon/.svn/tmp/
2009-12-21 17:16:04	压缩处理中：正在压缩... 60000000/amon/.svn/tmp/prop-base/
2009-12-21 17:16:04	压缩处理中：正在压缩... 60000000/amon/.svn/tmp/props/
2009-12-21 17:16:04	压缩处理中：正在压缩... 60000000/amon/.svn/tmp/text-base/
2009-12-21 17:16:04	压缩处理中：正在压缩... 60000000/amon/lang/
2009-12-21 17:16:04	压缩处理中：正在压缩... 60000000/amon/lang/.svn/
2009-12-21 17:16:04	压缩处理中：正在压缩... 60000000/amon/lang/.svn/all-wcprops
2009-12-21 17:16:04	压缩处理中：正在压缩... 60000000/amon/lang/.svn/entries
2009-12-21 17:16:04	压缩处理中：正在压缩... 60000000/amon/lang/.svn/prop-base/
2009-12-21 17:16:04	压缩处理中：正在压缩... 60000000/amon/lang/.svn/props/
2009-12-21 17:16:04	压缩处理中：正在压缩... 60000000/amon/lang/.svn/text-base/
2009-12-21 17:16:04	压缩处理中：正在压缩... 60000000/amon/lang/.svn/text-base/A3010000.wsc.svn-base
2009-12-21 17:16:04	压缩处理中：正在压缩... 60000000/amon/lang/.svn/tmp/
2009-12-21 17:16:04	压缩处理中：正在压缩... 60000000/amon/lang/.svn/tmp/prop-base/
2009-12-21 17:16:04	压缩处理中：正在压缩... 60000000/amon/lang/.svn/tmp/props/
2009-12-21 17:16:04	压缩处理中：正在压缩... 60000000/amon/lang/.svn/tmp/text-base/
2009-12-21 17:16:04	压缩处理中：正在压缩... 60000000/amon/lang/A3010000.wsc
2009-12-21 17:16:04	压缩处理中：正在压缩... 60000000/irp/
2009-12-21 17:16:04	压缩处理中：正在压缩... 60000000/irp/.svn/
2009-12-21 17:16:04	压缩处理中：正在压缩... 60000000/irp/.svn/all-wcprops
2009-12-21 17:16:04	压缩处理中：正在压缩... 60000000/irp/.svn/entries
2009-12-21 17:16:04	压缩处理中：正在压缩... 60000000/irp/.svn/prop-base/
2009-12-21 17:16:04	压缩处理中：正在压缩... 60000000/irp/.svn/props/
2009-12-21 17:16:04	压缩处理中：正在压缩... 60000000/irp/.svn/text-base/
2009-12-21 17:16:04	压缩处理中：正在压缩... 60000000/irp/.svn/text-base/irp.xml.svn-base
2009-12-21 17:16:04	压缩处理中：正在压缩... 60000000/irp/.svn/tmp/
2009-12-21 17:16:04	压缩处理中：正在压缩... 60000000/irp/.svn/tmp/prop-base/
2009-12-21 17:16:04	压缩处理中：正在压缩... 60000000/irp/.svn/tmp/props/
2009-12-21 17:16:04	压缩处理中：正在压缩... 60000000/irp/.svn/tmp/text-base/
2009-12-21 17:16:04	压缩处理中：正在压缩... 60000000/irp/irp.xml
2009-12-21 17:16:04	压缩处理中：正在压缩... 60000000/rmp.wsc
2009-12-21 17:16:04	系统退出：完毕！
--------------------------------------------------


2009-12-21 17:16:27	系统启动：当前可用JRE版本 － 1.6.0_10-rc-b28
2009-12-21 17:16:27	系统启动：用户配置数据信息加载！
2009-12-21 17:16:28	系统启动：当前使用界面风格信息 (system, com.sun.java.swing.plaf.windows.WindowsLookAndFeel)
2009-12-21 17:16:28	系统启动：应用程序启动！
2009-12-21 17:16:51	processPacket：org.jivesoftware.smack.packet.RosterPacket@3bef13e8
2009-12-21 17:18:13	processPacket：org.jivesoftware.smackx.packet.Version@415f5c5f
2009-12-21 17:18:52	IP 初始化成功！
2009-12-21 17:18:52	Phone 初始化成功！
2009-12-21 17:18:52	postcode 初始化成功！
2009-12-21 17:18:52	IM支持服务加载成功！
2009-12-21 17:18:52	IM服务初始化成功！
2009-12-21 17:18:52	unknownMessageReceived:
2009-12-21 17:18:52	processPacket：org.jivesoftware.smackx.packet.LastActivity@431434fe
2009-12-21 17:19:03	unknownMessageReceived:
2009-12-21 17:19:16	chatCreated
2009-12-21 17:19:16	processPacket：org.jivesoftware.smack.packet.Message@4b4c952f
2009-12-21 17:19:25	chatCreated
2009-12-21 17:19:43	chatCreated
2009-12-21 17:19:43	processPacket：org.jivesoftware.smack.packet.Message@4b4cb7fb
2009-12-21 17:20:42	chatCreated
2009-12-21 17:20:42	processPacket：org.jivesoftware.smack.packet.Message@4e3352e0
2009-12-21 17:21:17	chatCreated
2009-12-21 17:21:17	processPacket：org.jivesoftware.smack.packet.Message@4b63bb6f
2009-12-21 17:22:20	chatCreated
2009-12-21 17:22:20	processPacket：org.jivesoftware.smack.packet.Message@4b4e55c2
2009-12-21 17:23:08	系统退出：开始..
2009-12-21 17:23:08	系统退出：保存用户配置
2009-12-21 17:23:08	用户配置数据保存！
2009-12-21 17:23:08	系统退出：关闭数据连接
2009-12-21 17:23:08	数据压缩：生成目录文档 － bak/60000000/amon.backup
2009-12-21 17:23:08	用户指定数据文件：
2009-12-21 17:23:08	dat/60000000
2009-12-21 17:23:08	压缩处理中：正在压缩... 60000000/
2009-12-21 17:23:08	压缩处理中：正在压缩... 60000000/.svn/
2009-12-21 17:23:08	压缩处理中：正在压缩... 60000000/.svn/all-wcprops
2009-12-21 17:23:08	压缩处理中：正在压缩... 60000000/.svn/entries
2009-12-21 17:23:08	压缩处理中：正在压缩... 60000000/.svn/prop-base/
2009-12-21 17:23:08	压缩处理中：正在压缩... 60000000/.svn/props/
2009-12-21 17:23:08	压缩处理中：正在压缩... 60000000/.svn/text-base/
2009-12-21 17:23:08	压缩处理中：正在压缩... 60000000/.svn/text-base/rmp.wsc.netbeans-base
2009-12-21 17:23:08	压缩处理中：正在压缩... 60000000/.svn/text-base/rmp.wsc.svn-base
2009-12-21 17:23:08	压缩处理中：正在压缩... 60000000/.svn/tmp/
2009-12-21 17:23:08	压缩处理中：正在压缩... 60000000/.svn/tmp/prop-base/
2009-12-21 17:23:08	压缩处理中：正在压缩... 60000000/.svn/tmp/props/
2009-12-21 17:23:08	压缩处理中：正在压缩... 60000000/.svn/tmp/text-base/
2009-12-21 17:23:08	压缩处理中：正在压缩... 60000000/amon/
2009-12-21 17:23:08	压缩处理中：正在压缩... 60000000/amon/.svn/
2009-12-21 17:23:08	压缩处理中：正在压缩... 60000000/amon/.svn/all-wcprops
2009-12-21 17:23:08	压缩处理中：正在压缩... 60000000/amon/.svn/entries
2009-12-21 17:23:08	压缩处理中：正在压缩... 60000000/amon/.svn/prop-base/
2009-12-21 17:23:08	压缩处理中：正在压缩... 60000000/amon/.svn/props/
2009-12-21 17:23:08	压缩处理中：正在压缩... 60000000/amon/.svn/text-base/
2009-12-21 17:23:08	压缩处理中：正在压缩... 60000000/amon/.svn/tmp/
2009-12-21 17:23:08	压缩处理中：正在压缩... 60000000/amon/.svn/tmp/prop-base/
2009-12-21 17:23:08	压缩处理中：正在压缩... 60000000/amon/.svn/tmp/props/
2009-12-21 17:23:08	压缩处理中：正在压缩... 60000000/amon/.svn/tmp/text-base/
2009-12-21 17:23:08	压缩处理中：正在压缩... 60000000/amon/lang/
2009-12-21 17:23:08	压缩处理中：正在压缩... 60000000/amon/lang/.svn/
2009-12-21 17:23:08	压缩处理中：正在压缩... 60000000/amon/lang/.svn/all-wcprops
2009-12-21 17:23:08	压缩处理中：正在压缩... 60000000/amon/lang/.svn/entries
2009-12-21 17:23:08	压缩处理中：正在压缩... 60000000/amon/lang/.svn/prop-base/
2009-12-21 17:23:08	压缩处理中：正在压缩... 60000000/amon/lang/.svn/props/
2009-12-21 17:23:08	压缩处理中：正在压缩... 60000000/amon/lang/.svn/text-base/
2009-12-21 17:23:08	压缩处理中：正在压缩... 60000000/amon/lang/.svn/text-base/A3010000.wsc.svn-base
2009-12-21 17:23:08	压缩处理中：正在压缩... 60000000/amon/lang/.svn/tmp/
2009-12-21 17:23:08	压缩处理中：正在压缩... 60000000/amon/lang/.svn/tmp/prop-base/
2009-12-21 17:23:08	压缩处理中：正在压缩... 60000000/amon/lang/.svn/tmp/props/
2009-12-21 17:23:08	压缩处理中：正在压缩... 60000000/amon/lang/.svn/tmp/text-base/
2009-12-21 17:23:08	压缩处理中：正在压缩... 60000000/amon/lang/A3010000.wsc
2009-12-21 17:23:08	压缩处理中：正在压缩... 60000000/irp/
2009-12-21 17:23:08	压缩处理中：正在压缩... 60000000/irp/.svn/
2009-12-21 17:23:08	压缩处理中：正在压缩... 60000000/irp/.svn/all-wcprops
2009-12-21 17:23:08	压缩处理中：正在压缩... 60000000/irp/.svn/entries
2009-12-21 17:23:08	压缩处理中：正在压缩... 60000000/irp/.svn/prop-base/
2009-12-21 17:23:08	压缩处理中：正在压缩... 60000000/irp/.svn/props/
2009-12-21 17:23:08	压缩处理中：正在压缩... 60000000/irp/.svn/text-base/
2009-12-21 17:23:08	压缩处理中：正在压缩... 60000000/irp/.svn/text-base/irp.xml.svn-base
2009-12-21 17:23:08	压缩处理中：正在压缩... 60000000/irp/.svn/tmp/
2009-12-21 17:23:08	压缩处理中：正在压缩... 60000000/irp/.svn/tmp/prop-base/
2009-12-21 17:23:08	压缩处理中：正在压缩... 60000000/irp/.svn/tmp/props/
2009-12-21 17:23:08	压缩处理中：正在压缩... 60000000/irp/.svn/tmp/text-base/
2009-12-21 17:23:08	压缩处理中：正在压缩... 60000000/irp/irp.xml
2009-12-21 17:23:08	压缩处理中：正在压缩... 60000000/rmp.wsc
2009-12-21 17:23:08	系统退出：完毕！
--------------------------------------------------


